Clock: clk
Sources: clk 
Generated: no
Virtual: yes
Propagated: no
Period: 100.000000

===========================================================================
report_clock_properties
============================================================================
Clock                   Period          Waveform
----------------------------------------------------
clk                 100.000000    0.000000 50.000000

===========================================================================
report_clock_latency
============================================================================
Clock clk
rise -> rise
    min     max
0.000000 0.000000 source latency
0.498362         network latency _1327_/CLK
        0.516046 network latency _1352_/CLK
---------------
0.498362 0.516046 latency
        0.017684 skew

fall -> fall
    min     max
0.000000 0.000000 source latency
0.423395         network latency _1327_/CLK
        0.436160 network latency _1352_/CLK
---------------
0.423395 0.436160 latency
        0.012765 skew



===========================================================================
report_clock_min_period
============================================================================
clk period_min = 3.02 fmax = 330.99
