Clock: clk
Sources: clk 
Generated: no
Virtual: yes
Propagated: no
Period: 100.000000

===========================================================================
report_clock_properties
============================================================================
Clock                   Period          Waveform
----------------------------------------------------
clk                 100.000000    0.000000 50.000000

===========================================================================
report_clock_latency
============================================================================
Clock clk
rise -> rise
    min     max
0.000000 0.000000 source latency
0.346229         network latency _1327_/CLK
        0.360113 network latency _1352_/CLK
---------------
0.346229 0.360113 latency
        0.013884 skew

fall -> fall
    min     max
0.000000 0.000000 source latency
0.290672         network latency _1327_/CLK
        0.300417 network latency _1352_/CLK
---------------
0.290672 0.300417 latency
        0.009745 skew



===========================================================================
report_clock_min_period
============================================================================
clk period_min = 1.96 fmax = 511.27
