Reading OpenROAD database at '/mnt/d/backup_later/ET4340/prj/main_prj/main_prj/src/runs/RUN_2025-12-04_07-52-11/15-odb-setpowerconnections/viterbi_decoder.odb'…
Reading library file at '/home/lroot/.volare/volare/sky130/versions/0fe599b2afb6708d281543108caf8310912f54af/sky130A/libs.ref/sky130_fd_sc_hd/lib/sky130_fd_sc_hd__tt_025C_1v80.lib'…
Reading design constraints file at '/nix/store/ss2cw3sxbrwwx9jl0rrppbw4kgcmgi2n-python3-3.11.9-env/lib/python3.11/site-packages/openlane/scripts/base.sdc'…
[INFO] Using clock clk…
[INFO] Setting output delay to: 20
[INFO] Setting input delay to: 20
[INFO] Setting load to: 0.033442
[INFO] Setting clock uncertainty to: 0.25
[INFO] Setting clock transition to: 0.1499999999999999944488848768742172978818416595458984375
[INFO] Setting timing derate to: 5%
Setting global connections for newly added cells…
[INFO] Setting global connections...
Updating metrics…
Cell type report:                       Count       Area
  Inverter                                165     619.34
  Sequential cell                         166    4321.64
  Multi-Input combinational cell          430    4186.52
  Total                                   761    9127.50
Writing OpenROAD database to '/mnt/d/backup_later/ET4340/prj/main_prj/main_prj/src/runs/RUN_2025-12-04_07-52-11/17-openroad-cutrows/viterbi_decoder.odb'…
Writing layout to '/mnt/d/backup_later/ET4340/prj/main_prj/main_prj/src/runs/RUN_2025-12-04_07-52-11/17-openroad-cutrows/viterbi_decoder.def'…
