142. Printing statistics.

=== viterbi_decoder ===

   Number of wires:               1159
   Number of wire bits:           1305
   Number of public wires:          68
   Number of public wire bits:     194
   Number of ports:                  6
   Number of port bits:             28
   Number of memories:               0
   Number of memory bits:            0
   Number of processes:              0
   Number of cells:               1271
     $_ANDNOT_                     231
     $_AND_                         95
     $_MUX_                        268
     $_NAND_                        29
     $_NOR_                         32
     $_NOT_                        187
     $_ORNOT_                       26
     $_OR_                         161
     $_XNOR_                        22
     $_XOR_                         54
     sky130_fd_sc_hd__dfrtp_2      150
     sky130_fd_sc_hd__dfstp_2        8
     sky130_fd_sc_hd__dfxtp_2        8

   Area for cell type $_NOT_ is unknown!
   Area for cell type $_AND_ is unknown!
   Area for cell type $_NAND_ is unknown!
   Area for cell type $_OR_ is unknown!
   Area for cell type $_NOR_ is unknown!
   Area for cell type $_XOR_ is unknown!
   Area for cell type $_XNOR_ is unknown!
   Area for cell type $_ANDNOT_ is unknown!
   Area for cell type $_ORNOT_ is unknown!
   Area for cell type $_MUX_ is unknown!

   Chip area for module '\viterbi_decoder': 4321.644800
     of which used for sequential elements: 4321.644800 (100.00%)

