150. Printing statistics.

=== viterbi_decoder ===

   Number of wires:                758
   Number of wire bits:            780
   Number of public wires:         164
   Number of public wire bits:     186
   Number of ports:                  6
   Number of port bits:             28
   Number of memories:               0
   Number of memory bits:            0
   Number of processes:              0
   Number of cells:                761
     sky130_fd_sc_hd__a211o_2        5
     sky130_fd_sc_hd__a21bo_2        2
     sky130_fd_sc_hd__a21o_2        11
     sky130_fd_sc_hd__a21oi_2       10
     sky130_fd_sc_hd__a221o_2       19
     sky130_fd_sc_hd__a22o_2        27
     sky130_fd_sc_hd__a2bb2o_2       3
     sky130_fd_sc_hd__a31o_2        10
     sky130_fd_sc_hd__a31oi_2        1
     sky130_fd_sc_hd__a32o_2         2
     sky130_fd_sc_hd__and2_2        27
     sky130_fd_sc_hd__and2b_2       12
     sky130_fd_sc_hd__and3_2        14
     sky130_fd_sc_hd__and3b_2        7
     sky130_fd_sc_hd__and4_2         2
     sky130_fd_sc_hd__and4b_2        2
     sky130_fd_sc_hd__and4bb_2       1
     sky130_fd_sc_hd__dfrtp_2      150
     sky130_fd_sc_hd__dfstp_2        8
     sky130_fd_sc_hd__dfxtp_2        8
     sky130_fd_sc_hd__inv_2        165
     sky130_fd_sc_hd__mux2_1        76
     sky130_fd_sc_hd__mux4_2         4
     sky130_fd_sc_hd__nand2_2       28
     sky130_fd_sc_hd__nand2b_2       2
     sky130_fd_sc_hd__nand3_2        7
     sky130_fd_sc_hd__nand4_2        1
     sky130_fd_sc_hd__nor2_2        36
     sky130_fd_sc_hd__nor3_2         2
     sky130_fd_sc_hd__nor3b_2        3
     sky130_fd_sc_hd__nor4_2         1
     sky130_fd_sc_hd__o211a_2        3
     sky130_fd_sc_hd__o211ai_2       1
     sky130_fd_sc_hd__o21a_2         9
     sky130_fd_sc_hd__o21ai_2        7
     sky130_fd_sc_hd__o22a_2         8
     sky130_fd_sc_hd__o22ai_2        2
     sky130_fd_sc_hd__o2bb2a_2       3
     sky130_fd_sc_hd__o31a_2         5
     sky130_fd_sc_hd__o32a_2         1
     sky130_fd_sc_hd__or2_2         25
     sky130_fd_sc_hd__or3_2         12
     sky130_fd_sc_hd__or3b_2         1
     sky130_fd_sc_hd__or4b_2         3
     sky130_fd_sc_hd__xnor2_2       16
     sky130_fd_sc_hd__xor2_2        19

   Chip area for module '\viterbi_decoder': 9127.504000
     of which used for sequential elements: 4321.644800 (47.35%)

