\BOOKMARK [1][-]{section*.3}{\376\377\000\040\000D\000A\000N\000H\000\040\000M\036\344\000C\000\040\000K\000\335\000\040\000H\000I\036\306\000U\000\040\000V\000\300\000\040\000C\000H\036\356\000\040\000V\000I\036\276\000T\000\040\000T\036\256\000T}{}% 1
\BOOKMARK [1][-]{section*.5}{\376\377\000D\000A\000N\000H\000\040\000M\036\344\000C\000\040\000H\000\314\000N\000H\000\040\000V\036\274}{}% 2
\BOOKMARK [1][-]{section*.6}{\376\377\000\040\000D\000A\000N\000H\000\040\000M\036\344\000C\000\040\000B\036\242\000N\000G\000\040\000B\000I\036\302\000U}{}% 3
\BOOKMARK [1][-]{section*.6}{\376\377\000C\000H\001\257\001\240\000N\000G\000\040\0001\000.\000\040\000C\001\240\000\040\000S\036\336\000\040\000L\000\335\000\040\000T\000H\000U\000Y\036\276\000T}{}% 4
\BOOKMARK [2][-]{subsection.1.1}{\376\377\000T\036\325\000n\000g\000\040\000q\000u\000a\000n\000\040\000v\036\301\000\040\000m\000\343\000\040\000t\000\355\000c\000h\000\040\000c\000h\036\255\000p}{section*.6}% 5
\BOOKMARK [2][-]{subsection.1.2}{\376\377\000T\000h\000u\036\255\000t\000\040\000t\000o\000\341\000n\000\040\000g\000i\036\243\000i\000\040\000m\000\343\000\040\000V\000i\000t\000e\000r\000b\000i}{section*.6}% 6
\BOOKMARK [1][-]{figure.caption.21}{\376\377\000C\000H\001\257\001\240\000N\000G\000\040\0002\000.\000\040\000Y\000\312\000U\000\040\000C\036\246\000U\000\040\000K\036\370\000\040\000T\000H\000U\036\254\000T}{}% 7
\BOOKMARK [2][-]{subsection.2.1}{\376\377\000Y\000\352\000u\000\040\000c\036\247\000u\000\040\000t\000h\000\364\000n\000g\000\040\000s\036\321\000\040\000k\036\371\000\040\000t\000h\000u\036\255\000t}{figure.caption.21}% 8
\BOOKMARK [2][-]{subsection.2.2}{\376\377\000S\001\241\000\040\001\021\036\323\000\040\000k\000h\036\321\000i\000\040\000c\000\341\000c\000\040\000m\000o\000d\000u\000l\000e}{figure.caption.21}% 9
\BOOKMARK [3][-]{subsubsection.2.2.1}{\376\377\000M\000o\000d\000u\000l\000e\000\040\000v\000i\000t\000e\000r\000b\000i\000\137\000d\000e\000c\000o\000d\000e\000r}{subsection.2.2}% 10
\BOOKMARK [3][-]{subsubsection.2.2.2}{\376\377\000M\000o\000d\000u\000l\000e\000\040\000c\000t\000r\000l}{subsection.2.2}% 11
\BOOKMARK [3][-]{subsubsection.2.2.3}{\376\377\000M\000o\000d\000u\000l\000e\000\040\000h\000a\000m\000\137\000d}{subsection.2.2}% 12
\BOOKMARK [3][-]{subsubsection.2.2.4}{\376\377\000M\000o\000d\000u\000l\000e\000\040\000a\000d\000d\000\137\000c\000o\000m\000p}{subsection.2.2}% 13
\BOOKMARK [3][-]{subsubsection.2.2.5}{\376\377\000M\000o\000d\000u\000l\000e\000\040\000m\000e\000m}{subsection.2.2}% 14
\BOOKMARK [3][-]{subsubsection.2.2.6}{\376\377\000M\000o\000d\000u\000l\000e\000\040\000t\000b\000c\000k\000\137\000d\000e\000c}{subsection.2.2}% 15
\BOOKMARK [1][-]{figure.caption.44}{\376\377\000C\000H\001\257\001\240\000N\000G\000\040\0003\000.\000\040\000K\036\276\000T\000\040\000Q\000U\036\242\000\040\000M\000\324\000\040\000P\000H\036\316\000N\000G}{}% 16
\BOOKMARK [2][-]{subsection.3.1}{\376\377\000M\000o\000d\000u\000l\000e\000\040\000c\000t\000r\000l}{figure.caption.44}% 17
\BOOKMARK [2][-]{subsection.3.2}{\376\377\000M\000o\000d\000u\000l\000e\000\040\000h\000a\000m\000\137\000d}{figure.caption.44}% 18
\BOOKMARK [2][-]{subsection.3.3}{\376\377\000M\000o\000d\000u\000l\000e\000\040\000a\000d\000d\000\137\000c\000o\000m\000p}{figure.caption.44}% 19
\BOOKMARK [2][-]{subsection.3.4}{\376\377\000M\000o\000d\000u\000l\000e\000\040\000m\000e\000m}{figure.caption.44}% 20
\BOOKMARK [2][-]{subsection.3.5}{\376\377\000M\000o\000d\000u\000l\000e\000\040\000t\000b\000c\000k\000\137\000d\000e\000c}{figure.caption.44}% 21
\BOOKMARK [2][-]{subsection.3.6}{\376\377\000M\000o\000d\000u\000l\000e\000\040\000v\000i\000t\000e\000r\000b\000i\000\137\000d\000e\000c\000o\000d\000e\000r}{figure.caption.44}% 22
\BOOKMARK [1][-]{section*.51}{\376\377\000T\000\300\000I\000\040\000L\000I\036\306\000U\000\040\000T\000H\000A\000M\000\040\000K\000H\036\242\000O}{}% 23
