Clock: clk
Sources: clk 
Generated: no
Virtual: yes
Propagated: no
Period: 100.000000

===========================================================================
report_clock_properties
============================================================================
Clock                   Period          Waveform
----------------------------------------------------
clk                 100.000000    0.000000 50.000000

===========================================================================
report_clock_latency
============================================================================
Clock clk
rise -> rise
    min     max
0.000000 0.000000 source latency
0.355947         network latency _1327_/CLK
        0.373191 network latency _1352_/CLK
---------------
0.355947 0.373191 latency
        0.017245 skew

fall -> fall
    min     max
0.000000 0.000000 source latency
0.298211         network latency _1243_/CLK
        0.310735 network latency _1352_/CLK
---------------
0.298211 0.310735 latency
        0.012523 skew



===========================================================================
report_clock_min_period
============================================================================
clk period_min = 1.97 fmax = 507.86
