Reading OpenROAD database at '/mnt/d/backup_later/ET4340/prj/main_prj/main_prj/src/runs/RUN_2025-12-04_07-52-11/31-openroad-repairdesignpostgpl/viterbi_decoder.odb'…
Reading library file at '/home/lroot/.volare/volare/sky130/versions/0fe599b2afb6708d281543108caf8310912f54af/sky130A/libs.ref/sky130_fd_sc_hd/lib/sky130_fd_sc_hd__tt_025C_1v80.lib'…
Reading design constraints file at '/nix/store/ss2cw3sxbrwwx9jl0rrppbw4kgcmgi2n-python3-3.11.9-env/lib/python3.11/site-packages/openlane/scripts/base.sdc'…
[INFO] Using clock clk…
[INFO] Setting output delay to: 20
[INFO] Setting input delay to: 20
[INFO] Setting load to: 0.033442
[INFO] Setting clock uncertainty to: 0.25
[INFO] Setting clock transition to: 0.1499999999999999944488848768742172978818416595458984375
[INFO] Setting timing derate to: 5%
Placement Analysis
---------------------------------
total displacement          0.0 u
average displacement        0.0 u
max displacement            0.0 u
original HPWL           13802.8 u
legalized HPWL          14166.9 u
delta HPWL                    3 %

[INFO DPL-0020] Mirrored 287 instances
[INFO DPL-0021] HPWL before           14166.9 u
[INFO DPL-0022] HPWL after            13802.8 u
[INFO DPL-0023] HPWL delta               -2.6 %
Setting global connections for newly added cells…
[INFO] Setting global connections...
Updating metrics…
Cell type report:                       Count       Area
  Fill cell                               110     412.90
  Tap cell                                313     391.63
  Timing Repair Buffer                     65     354.09
  Inverter                                165     619.34
  Sequential cell                         166    4162.74
  Multi-Input combinational cell          430    3589.69
  Total                                  1249    9530.39
Writing OpenROAD database to '/mnt/d/backup_later/ET4340/prj/main_prj/main_prj/src/runs/RUN_2025-12-04_07-52-11/33-openroad-detailedplacement/viterbi_decoder.odb'…
Writing netlist to '/mnt/d/backup_later/ET4340/prj/main_prj/main_prj/src/runs/RUN_2025-12-04_07-52-11/33-openroad-detailedplacement/viterbi_decoder.nl.v'…
Writing powered netlist to '/mnt/d/backup_later/ET4340/prj/main_prj/main_prj/src/runs/RUN_2025-12-04_07-52-11/33-openroad-detailedplacement/viterbi_decoder.pnl.v'…
Writing layout to '/mnt/d/backup_later/ET4340/prj/main_prj/main_prj/src/runs/RUN_2025-12-04_07-52-11/33-openroad-detailedplacement/viterbi_decoder.def'…
Writing timing constraints to '/mnt/d/backup_later/ET4340/prj/main_prj/main_prj/src/runs/RUN_2025-12-04_07-52-11/33-openroad-detailedplacement/viterbi_decoder.sdc'…
