
===========================================================================
report_checks -unconstrained
===========================================================================
======================= nom_ff_n40C_1v95 Corner ===================================

Startpoint: rst (input port clocked by clk)
Endpoint: _1218_ (recovery check against rising-edge clock clk)
Path Group: asynchronous
Path Type: max

Fanout         Cap        Slew       Delay        Time   Description
---------------------------------------------------------------------------------------------
                      0.150000    0.000000    0.000000   clock clk (rise edge)
                                  0.000000    0.000000   clock network delay (ideal)
                                 20.000000   20.000000 v input external delay
   160    0.682729    1.002636    0.754607   20.754608 v rst (in)
                                                         rst (net)
                      1.002636    0.000000   20.754608 v _1060_/A (sky130_fd_sc_hd__inv_2)
     1    0.003562    0.117206    0.201883   20.956490 ^ _1060_/Y (sky130_fd_sc_hd__inv_2)
                                                         _0100_ (net)
                      0.117206    0.000000   20.956490 ^ _1218_/SET_B (sky130_fd_sc_hd__dfstp_2)
                                             20.956490   data arrival time

                      0.150000  100.000000  100.000000   clock clk (rise edge)
                                  0.000000  100.000000   clock network delay (ideal)
                                 -0.250000   99.750000   clock uncertainty
                                  0.000000   99.750000   clock reconvergence pessimism
                                             99.750000 ^ _1218_/CLK (sky130_fd_sc_hd__dfstp_2)
                                  0.101326   99.851326   library recovery time
                                             99.851326   data required time
---------------------------------------------------------------------------------------------
                                             99.851326   data required time
                                            -20.956490   data arrival time
---------------------------------------------------------------------------------------------
                                             78.894829   slack (MET)


Startpoint: rst (input port clocked by clk)
Endpoint: _1320_ (rising edge-triggered flip-flop clocked by clk)
Path Group: clk
Path Type: max

Fanout         Cap        Slew       Delay        Time   Description
---------------------------------------------------------------------------------------------
                      0.150000    0.000000    0.000000   clock clk (rise edge)
                                  0.000000    0.000000   clock network delay (ideal)
                                 20.000000   20.000000 ^ input external delay
   160    0.741306    2.484303    1.735089   21.735088 ^ rst (in)
                                                         rst (net)
                      2.484303    0.000000   21.735088 ^ _0978_/A (sky130_fd_sc_hd__nor2_2)
     8    0.020384    0.336545   -0.109655   21.625435 v _0978_/Y (sky130_fd_sc_hd__nor2_2)
                                                         _0548_ (net)
                      0.336545    0.000000   21.625435 v _1025_/S (sky130_fd_sc_hd__mux2_1)
     1    0.001783    0.036643    0.267404   21.892838 v _1025_/X (sky130_fd_sc_hd__mux2_1)
                                                         _0202_ (net)
                      0.036643    0.000000   21.892838 v _1320_/D (sky130_fd_sc_hd__dfxtp_2)
                                             21.892838   data arrival time

                      0.150000  100.000000  100.000000   clock clk (rise edge)
                                  0.000000  100.000000   clock network delay (ideal)
                                 -0.250000   99.750000   clock uncertainty
                                  0.000000   99.750000   clock reconvergence pessimism
                                             99.750000 ^ _1320_/CLK (sky130_fd_sc_hd__dfxtp_2)
                                 -0.061519   99.688484   library setup time
                                             99.688484   data required time
---------------------------------------------------------------------------------------------
                                             99.688484   data required time
                                            -21.892838   data arrival time
---------------------------------------------------------------------------------------------
                                             77.795639   slack (MET)




===========================================================================
report_checks --slack_max -0.01
============================================================================
======================= nom_ff_n40C_1v95 Corner ===================================

No paths found.


===========================================================================
 report_check_types -max_slew -max_cap -max_fanout -violators
============================================================================
======================= nom_ff_n40C_1v95 Corner ===================================

max slew

Pin                                        Limit        Slew       Slack
------------------------------------------------------------------------
rst                                     0.750000    2.484303   -1.734303 (VIOLATED)
_0597_/A                                0.750000    2.484303   -1.734303 (VIOLATED)
_0978_/A                                0.750000    2.484303   -1.734303 (VIOLATED)
_0979_/A                                0.750000    2.484303   -1.734303 (VIOLATED)
_1032_/A                                0.750000    2.484303   -1.734303 (VIOLATED)
_1033_/A                                0.750000    2.484303   -1.734303 (VIOLATED)
_1034_/A                                0.750000    2.484303   -1.734303 (VIOLATED)
_1035_/A                                0.750000    2.484303   -1.734303 (VIOLATED)
_1036_/A                                0.750000    2.484303   -1.734303 (VIOLATED)
_1037_/A                                0.750000    2.484303   -1.734303 (VIOLATED)
_1038_/A                                0.750000    2.484303   -1.734303 (VIOLATED)
_1039_/A                                0.750000    2.484303   -1.734303 (VIOLATED)
_1040_/A                                0.750000    2.484303   -1.734303 (VIOLATED)
_1041_/A                                0.750000    2.484303   -1.734303 (VIOLATED)
_1042_/A                                0.750000    2.484303   -1.734303 (VIOLATED)
_1043_/A                                0.750000    2.484303   -1.734303 (VIOLATED)
_1044_/A                                0.750000    2.484303   -1.734303 (VIOLATED)
_1045_/A                                0.750000    2.484303   -1.734303 (VIOLATED)
_1046_/A                                0.750000    2.484303   -1.734303 (VIOLATED)
_1047_/A                                0.750000    2.484303   -1.734303 (VIOLATED)
_1048_/A                                0.750000    2.484303   -1.734303 (VIOLATED)
_1049_/A                                0.750000    2.484303   -1.734303 (VIOLATED)
_1050_/A                                0.750000    2.484303   -1.734303 (VIOLATED)
_1051_/A                                0.750000    2.484303   -1.734303 (VIOLATED)
_1052_/A                                0.750000    2.484303   -1.734303 (VIOLATED)
_1053_/A                                0.750000    2.484303   -1.734303 (VIOLATED)
_1054_/A                                0.750000    2.484303   -1.734303 (VIOLATED)
_1055_/A                                0.750000    2.484303   -1.734303 (VIOLATED)
_1056_/A                                0.750000    2.484303   -1.734303 (VIOLATED)
_1057_/A                                0.750000    2.484303   -1.734303 (VIOLATED)
_1058_/A                                0.750000    2.484303   -1.734303 (VIOLATED)
_1059_/A                                0.750000    2.484303   -1.734303 (VIOLATED)
_1060_/A                                0.750000    2.484303   -1.734303 (VIOLATED)
_1061_/A                                0.750000    2.484303   -1.734303 (VIOLATED)
_1062_/A                                0.750000    2.484303   -1.734303 (VIOLATED)
_1063_/A                                0.750000    2.484303   -1.734303 (VIOLATED)
_1064_/A                                0.750000    2.484303   -1.734303 (VIOLATED)
_1065_/A                                0.750000    2.484303   -1.734303 (VIOLATED)
_1066_/A                                0.750000    2.484303   -1.734303 (VIOLATED)
_1067_/A                                0.750000    2.484303   -1.734303 (VIOLATED)
_1068_/A                                0.750000    2.484303   -1.734303 (VIOLATED)
_1069_/A                                0.750000    2.484303   -1.734303 (VIOLATED)
_1070_/A                                0.750000    2.484303   -1.734303 (VIOLATED)
_1071_/A                                0.750000    2.484303   -1.734303 (VIOLATED)
_1072_/A                                0.750000    2.484303   -1.734303 (VIOLATED)
_1073_/A                                0.750000    2.484303   -1.734303 (VIOLATED)
_1074_/A                                0.750000    2.484303   -1.734303 (VIOLATED)
_1075_/A                                0.750000    2.484303   -1.734303 (VIOLATED)
_1076_/A                                0.750000    2.484303   -1.734303 (VIOLATED)
_1077_/A                                0.750000    2.484303   -1.734303 (VIOLATED)
_1078_/A                                0.750000    2.484303   -1.734303 (VIOLATED)
_1079_/A                                0.750000    2.484303   -1.734303 (VIOLATED)
_1080_/A                                0.750000    2.484303   -1.734303 (VIOLATED)
_1081_/A                                0.750000    2.484303   -1.734303 (VIOLATED)
_1082_/A                                0.750000    2.484303   -1.734303 (VIOLATED)
_1083_/A                                0.750000    2.484303   -1.734303 (VIOLATED)
_1084_/A                                0.750000    2.484303   -1.734303 (VIOLATED)
_1085_/A                                0.750000    2.484303   -1.734303 (VIOLATED)
_1086_/A                                0.750000    2.484303   -1.734303 (VIOLATED)
_1087_/A                                0.750000    2.484303   -1.734303 (VIOLATED)
_1088_/A                                0.750000    2.484303   -1.734303 (VIOLATED)
_1089_/A                                0.750000    2.484303   -1.734303 (VIOLATED)
_1090_/A                                0.750000    2.484303   -1.734303 (VIOLATED)
_1091_/A                                0.750000    2.484303   -1.734303 (VIOLATED)
_1092_/A                                0.750000    2.484303   -1.734303 (VIOLATED)
_1093_/A                                0.750000    2.484303   -1.734303 (VIOLATED)
_1094_/A                                0.750000    2.484303   -1.734303 (VIOLATED)
_1095_/A                                0.750000    2.484303   -1.734303 (VIOLATED)
_1096_/A                                0.750000    2.484303   -1.734303 (VIOLATED)
_1097_/A                                0.750000    2.484303   -1.734303 (VIOLATED)
_1098_/A                                0.750000    2.484303   -1.734303 (VIOLATED)
_1099_/A                                0.750000    2.484303   -1.734303 (VIOLATED)
_1100_/A                                0.750000    2.484303   -1.734303 (VIOLATED)
_1101_/A                                0.750000    2.484303   -1.734303 (VIOLATED)
_1102_/A                                0.750000    2.484303   -1.734303 (VIOLATED)
_1103_/A                                0.750000    2.484303   -1.734303 (VIOLATED)
_1104_/A                                0.750000    2.484303   -1.734303 (VIOLATED)
_1105_/A                                0.750000    2.484303   -1.734303 (VIOLATED)
_1106_/A                                0.750000    2.484303   -1.734303 (VIOLATED)
_1107_/A                                0.750000    2.484303   -1.734303 (VIOLATED)
_1108_/A                                0.750000    2.484303   -1.734303 (VIOLATED)
_1109_/A                                0.750000    2.484303   -1.734303 (VIOLATED)
_1110_/A                                0.750000    2.484303   -1.734303 (VIOLATED)
_1111_/A                                0.750000    2.484303   -1.734303 (VIOLATED)
_1112_/A                                0.750000    2.484303   -1.734303 (VIOLATED)
_1113_/A                                0.750000    2.484303   -1.734303 (VIOLATED)
_1114_/A                                0.750000    2.484303   -1.734303 (VIOLATED)
_1115_/A                                0.750000    2.484303   -1.734303 (VIOLATED)
_1116_/A                                0.750000    2.484303   -1.734303 (VIOLATED)
_1117_/A                                0.750000    2.484303   -1.734303 (VIOLATED)
_1118_/A                                0.750000    2.484303   -1.734303 (VIOLATED)
_1119_/A                                0.750000    2.484303   -1.734303 (VIOLATED)
_1120_/A                                0.750000    2.484303   -1.734303 (VIOLATED)
_1121_/A                                0.750000    2.484303   -1.734303 (VIOLATED)
_1122_/A                                0.750000    2.484303   -1.734303 (VIOLATED)
_1123_/A                                0.750000    2.484303   -1.734303 (VIOLATED)
_1124_/A                                0.750000    2.484303   -1.734303 (VIOLATED)
_1125_/A                                0.750000    2.484303   -1.734303 (VIOLATED)
_1126_/A                                0.750000    2.484303   -1.734303 (VIOLATED)
_1127_/A                                0.750000    2.484303   -1.734303 (VIOLATED)
_1128_/A                                0.750000    2.484303   -1.734303 (VIOLATED)
_1129_/A                                0.750000    2.484303   -1.734303 (VIOLATED)
_1130_/A                                0.750000    2.484303   -1.734303 (VIOLATED)
_1131_/A                                0.750000    2.484303   -1.734303 (VIOLATED)
_1132_/A                                0.750000    2.484303   -1.734303 (VIOLATED)
_1133_/A                                0.750000    2.484303   -1.734303 (VIOLATED)
_1134_/A                                0.750000    2.484303   -1.734303 (VIOLATED)
_1135_/A                                0.750000    2.484303   -1.734303 (VIOLATED)
_1136_/A                                0.750000    2.484303   -1.734303 (VIOLATED)
_1137_/A                                0.750000    2.484303   -1.734303 (VIOLATED)
_1138_/A                                0.750000    2.484303   -1.734303 (VIOLATED)
_1139_/A                                0.750000    2.484303   -1.734303 (VIOLATED)
_1140_/A                                0.750000    2.484303   -1.734303 (VIOLATED)
_1141_/A                                0.750000    2.484303   -1.734303 (VIOLATED)
_1142_/A                                0.750000    2.484303   -1.734303 (VIOLATED)
_1143_/A                                0.750000    2.484303   -1.734303 (VIOLATED)
_1144_/A                                0.750000    2.484303   -1.734303 (VIOLATED)
_1145_/A                                0.750000    2.484303   -1.734303 (VIOLATED)
_1146_/A                                0.750000    2.484303   -1.734303 (VIOLATED)
_1147_/A                                0.750000    2.484303   -1.734303 (VIOLATED)
_1148_/A                                0.750000    2.484303   -1.734303 (VIOLATED)
_1149_/A                                0.750000    2.484303   -1.734303 (VIOLATED)
_1150_/A                                0.750000    2.484303   -1.734303 (VIOLATED)
_1151_/A                                0.750000    2.484303   -1.734303 (VIOLATED)
_1152_/A                                0.750000    2.484303   -1.734303 (VIOLATED)
_1153_/A                                0.750000    2.484303   -1.734303 (VIOLATED)
_1154_/A                                0.750000    2.484303   -1.734303 (VIOLATED)
_1155_/A                                0.750000    2.484303   -1.734303 (VIOLATED)
_1156_/A                                0.750000    2.484303   -1.734303 (VIOLATED)
_1157_/A                                0.750000    2.484303   -1.734303 (VIOLATED)
_1158_/A                                0.750000    2.484303   -1.734303 (VIOLATED)
_1159_/A                                0.750000    2.484303   -1.734303 (VIOLATED)
_1160_/A                                0.750000    2.484303   -1.734303 (VIOLATED)
_1161_/A                                0.750000    2.484303   -1.734303 (VIOLATED)
_1162_/A                                0.750000    2.484303   -1.734303 (VIOLATED)
_1163_/A                                0.750000    2.484303   -1.734303 (VIOLATED)
_1164_/A                                0.750000    2.484303   -1.734303 (VIOLATED)
_1165_/A                                0.750000    2.484303   -1.734303 (VIOLATED)
_1166_/A                                0.750000    2.484303   -1.734303 (VIOLATED)
_1167_/A                                0.750000    2.484303   -1.734303 (VIOLATED)
_1168_/A                                0.750000    2.484303   -1.734303 (VIOLATED)
_1169_/A                                0.750000    2.484303   -1.734303 (VIOLATED)
_1170_/A                                0.750000    2.484303   -1.734303 (VIOLATED)
_1171_/A                                0.750000    2.484303   -1.734303 (VIOLATED)
_1172_/A                                0.750000    2.484303   -1.734303 (VIOLATED)
_1173_/A                                0.750000    2.484303   -1.734303 (VIOLATED)
_1174_/A                                0.750000    2.484303   -1.734303 (VIOLATED)
_1175_/A                                0.750000    2.484303   -1.734303 (VIOLATED)
_1176_/A                                0.750000    2.484303   -1.734303 (VIOLATED)
_1177_/A                                0.750000    2.484303   -1.734303 (VIOLATED)
_1178_/A                                0.750000    2.484303   -1.734303 (VIOLATED)
_1179_/A                                0.750000    2.484303   -1.734303 (VIOLATED)
_1180_/A                                0.750000    2.484303   -1.734303 (VIOLATED)
_1181_/A                                0.750000    2.484303   -1.734303 (VIOLATED)
_1182_/A                                0.750000    2.484303   -1.734303 (VIOLATED)
_1183_/A                                0.750000    2.484303   -1.734303 (VIOLATED)
_1184_/A                                0.750000    2.484303   -1.734303 (VIOLATED)
_1185_/A                                0.750000    2.484303   -1.734303 (VIOLATED)
_1186_/A                                0.750000    2.484303   -1.734303 (VIOLATED)
_1187_/A                                0.750000    2.484303   -1.734303 (VIOLATED)
_1188_/A                                0.750000    2.484303   -1.734303 (VIOLATED)

max fanout

Pin                                   Limit Fanout  Slack
---------------------------------------------------------
rst                                      10    160   -150 (VIOLATED)
_0650_/Y                                 10     22    -12 (VIOLATED)
_0651_/Y                                 10     21    -11 (VIOLATED)
_1232_/Q                                 10     16     -6 (VIOLATED)
_1223_/Q                                 10     14     -4 (VIOLATED)
_1338_/Q                                 10     13     -3 (VIOLATED)
_1301_/Q                                 10     12     -2 (VIOLATED)
_1339_/Q                                 10     12     -2 (VIOLATED)
_1302_/Q                                 10     11        (VIOLATED)

max capacitance

Pin                                        Limit         Cap       Slack
------------------------------------------------------------------------
rst                                     0.200000    0.741306   -0.541305 (VIOLATED)



===========================================================================
report_parasitic_annotation -report_unannotated
============================================================================
Found 780 unannotated drivers.
 clk
 data[0]
 data[10]
 data[11]
 data[12]
 data[13]
 data[14]
 data[15]
 data[1]
 data[2]
 data[3]
 data[4]
 data[5]
 data[6]
 data[7]
 data[8]
 data[9]
 en
 rst
 _0594_/Y
 _0595_/Y
 _0596_/Y
 _0597_/Y
 _0598_/X
 _0599_/X
 _0600_/Y
 _0601_/Y
 _0602_/Y
 _0603_/X
 _0604_/X
 _0605_/X
 _0606_/Y
 _0607_/X
 _0608_/X
 _0609_/X
 _0610_/X
 _0611_/X
 _0612_/X
 _0613_/X
 _0614_/X
 _0615_/X
 _0616_/Y
 _0617_/X
 _0618_/Y
 _0619_/Y
 _0620_/X
 _0621_/X
 _0622_/X
 _0623_/X
 _0624_/X
 _0625_/X
 _0626_/X
 _0627_/X
 _0628_/Y
 _0629_/X
 _0630_/Y
 _0631_/X
 _0632_/X
 _0633_/X
 _0634_/Y
 _0635_/X
 _0636_/X
 _0637_/X
 _0638_/X
 _0639_/X
 _0640_/Y
 _0641_/X
 _0642_/X
 _0643_/X
 _0644_/Y
 _0645_/X
 _0646_/Y
 _0647_/X
 _0648_/X
 _0649_/X
 _0650_/Y
 _0651_/Y
 _0652_/Y
 _0653_/X
 _0654_/X
 _0655_/Y
 _0656_/Y
 _0657_/Y
 _0658_/Y
 _0659_/X
 _0660_/X
 _0661_/X
 _0662_/Y
 _0663_/Y
 _0664_/Y
 _0665_/Y
 _0666_/X
 _0667_/Y
 _0668_/X
 _0669_/X
 _0670_/X
 _0671_/X
 _0672_/X
 _0673_/X
 _0674_/X
 _0675_/Y
 _0676_/X
 _0677_/X
 _0678_/X
 _0679_/Y
 _0680_/Y
 _0681_/X
 _0682_/X
 _0683_/X
 _0684_/Y
 _0685_/Y
 _0686_/X
 _0687_/Y
 _0688_/X
 _0689_/X
 _0690_/X
 _0691_/X
 _0692_/Y
 _0693_/X
 _0694_/X
 _0695_/X
 _0696_/X
 _0697_/X
 _0698_/X
 _0699_/X
 _0700_/X
 _0701_/X
 _0702_/X
 _0703_/X
 _0704_/X
 _0705_/X
 _0706_/X
 _0707_/X
 _0708_/X
 _0709_/X
 _0710_/X
 _0711_/X
 _0712_/X
 _0713_/X
 _0714_/X
 _0715_/X
 _0716_/X
 _0717_/X
 _0718_/X
 _0719_/X
 _0720_/X
 _0721_/X
 _0722_/X
 _0723_/X
 _0724_/X
 _0725_/X
 _0726_/X
 _0727_/X
 _0728_/X
 _0729_/X
 _0730_/X
 _0731_/X
 _0732_/X
 _0733_/X
 _0734_/X
 _0735_/X
 _0736_/X
 _0737_/X
 _0738_/X
 _0739_/X
 _0740_/X
 _0741_/X
 _0742_/X
 _0743_/X
 _0744_/X
 _0745_/X
 _0746_/X
 _0747_/X
 _0748_/X
 _0749_/X
 _0750_/X
 _0751_/X
 _0752_/X
 _0753_/Y
 _0754_/Y
 _0755_/Y
 _0756_/X
 _0757_/Y
 _0758_/Y
 _0759_/X
 _0760_/X
 _0761_/Y
 _0762_/Y
 _0763_/Y
 _0764_/X
 _0765_/Y
 _0766_/Y
 _0767_/X
 _0768_/Y
 _0769_/Y
 _0770_/Y
 _0771_/X
 _0772_/X
 _0773_/Y
 _0774_/X
 _0775_/X
 _0776_/X
 _0777_/X
 _0778_/Y
 _0779_/X
 _0780_/X
 _0781_/X
 _0782_/Y
 _0783_/X
 _0784_/X
 _0785_/Y
 _0786_/X
 _0787_/Y
 _0788_/Y
 _0789_/Y
 _0790_/Y
 _0791_/X
 _0792_/X
 _0793_/X
 _0794_/Y
 _0795_/X
 _0796_/Y
 _0797_/Y
 _0798_/X
 _0799_/Y
 _0800_/X
 _0801_/Y
 _0802_/Y
 _0803_/X
 _0804_/X
 _0805_/X
 _0806_/Y
 _0807_/X
 _0808_/X
 _0809_/X
 _0810_/Y
 _0811_/X
 _0812_/X
 _0813_/X
 _0814_/Y
 _0815_/X
 _0816_/X
 _0817_/X
 _0818_/Y
 _0819_/X
 _0820_/X
 _0821_/X
 _0822_/X
 _0823_/X
 _0824_/Y
 _0825_/X
 _0826_/X
 _0827_/X
 _0828_/Y
 _0829_/Y
 _0830_/X
 _0831_/Y
 _0832_/Y
 _0833_/Y
 _0834_/X
 _0835_/X
 _0836_/Y
 _0837_/X
 _0838_/X
 _0839_/Y
 _0840_/X
 _0841_/X
 _0842_/Y
 _0843_/X
 _0844_/X
 _0845_/X
 _0846_/Y
 _0847_/X
 _0848_/X
 _0849_/Y
 _0850_/X
 _0851_/Y
 _0852_/X
 _0853_/X
 _0854_/X
 _0855_/X
 _0856_/X
 _0857_/Y
 _0858_/X
 _0859_/X
 _0860_/Y
 _0861_/X
 _0862_/X
 _0863_/X
 _0864_/X
 _0865_/Y
 _0866_/Y
 _0867_/X
 _0868_/Y
 _0869_/Y
 _0870_/X
 _0871_/X
 _0872_/Y
 _0873_/Y
 _0874_/X
 _0875_/Y
 _0876_/Y
 _0877_/Y
 _0878_/X
 _0879_/Y
 _0880_/X
 _0881_/X
 _0882_/X
 _0883_/X
 _0884_/Y
 _0885_/Y
 _0886_/X
 _0887_/X
 _0888_/Y
 _0889_/X
 _0890_/X
 _0891_/Y
 _0892_/X
 _0893_/X
 _0894_/Y
 _0895_/X
 _0896_/Y
 _0897_/Y
 _0898_/Y
 _0899_/X
 _0900_/X
 _0901_/X
 _0902_/X
 _0903_/Y
 _0904_/X
 _0905_/X
 _0906_/X
 _0907_/X
 _0908_/X
 _0909_/X
 _0910_/Y
 _0911_/X
 _0912_/X
 _0913_/X
 _0914_/X
 _0915_/Y
 _0916_/X
 _0917_/Y
 _0918_/Y
 _0919_/Y
 _0920_/Y
 _0921_/X
 _0922_/Y
 _0923_/X
 _0924_/X
 _0925_/X
 _0926_/X
 _0927_/X
 _0928_/Y
 _0929_/X
 _0930_/X
 _0931_/X
 _0932_/Y
 _0933_/X
 _0934_/X
 _0935_/Y
 _0936_/X
 _0937_/X
 _0938_/X
 _0939_/Y
 _0940_/X
 _0941_/X
 _0942_/Y
 _0943_/X
 _0944_/Y
 _0945_/X
 _0946_/X
 _0947_/X
 _0948_/Y
 _0949_/Y
 _0950_/X
 _0951_/X
 _0952_/X
 _0953_/Y
 _0954_/X
 _0955_/X
 _0956_/Y
 _0957_/X
 _0958_/X
 _0959_/X
 _0960_/X
 _0961_/X
 _0962_/X
 _0963_/X
 _0964_/X
 _0965_/Y
 _0966_/Y
 _0967_/X
 _0968_/X
 _0969_/X
 _0970_/Y
 _0971_/X
 _0972_/X
 _0973_/X
 _0974_/Y
 _0975_/Y
 _0976_/X
 _0977_/X
 _0978_/Y
 _0979_/X
 _0980_/Y
 _0981_/X
 _0982_/X
 _0983_/X
 _0984_/X
 _0985_/Y
 _0986_/X
 _0987_/X
 _0988_/X
 _0989_/X
 _0990_/X
 _0991_/X
 _0992_/X
 _0993_/X
 _0994_/X
 _0995_/X
 _0996_/X
 _0997_/X
 _0998_/X
 _0999_/X
 _1000_/X
 _1001_/X
 _1002_/X
 _1003_/X
 _1004_/X
 _1005_/X
 _1006_/X
 _1007_/X
 _1008_/X
 _1009_/X
 _1010_/X
 _1011_/X
 _1012_/X
 _1013_/X
 _1014_/X
 _1015_/X
 _1016_/X
 _1017_/X
 _1018_/X
 _1019_/X
 _1020_/X
 _1021_/X
 _1022_/X
 _1023_/X
 _1024_/X
 _1025_/X
 _1026_/X
 _1027_/X
 _1028_/X
 _1029_/X
 _1030_/X
 _1031_/X
 _1032_/Y
 _1033_/Y
 _1034_/Y
 _1035_/Y
 _1036_/Y
 _1037_/Y
 _1038_/Y
 _1039_/Y
 _1040_/Y
 _1041_/Y
 _1042_/Y
 _1043_/Y
 _1044_/Y
 _1045_/Y
 _1046_/Y
 _1047_/Y
 _1048_/Y
 _1049_/Y
 _1050_/Y
 _1051_/Y
 _1052_/Y
 _1053_/Y
 _1054_/Y
 _1055_/Y
 _1056_/Y
 _1057_/Y
 _1058_/Y
 _1059_/Y
 _1060_/Y
 _1061_/Y
 _1062_/Y
 _1063_/Y
 _1064_/Y
 _1065_/Y
 _1066_/Y
 _1067_/Y
 _1068_/Y
 _1069_/Y
 _1070_/Y
 _1071_/Y
 _1072_/Y
 _1073_/Y
 _1074_/Y
 _1075_/Y
 _1076_/Y
 _1077_/Y
 _1078_/Y
 _1079_/Y
 _1080_/Y
 _1081_/Y
 _1082_/Y
 _1083_/Y
 _1084_/Y
 _1085_/Y
 _1086_/Y
 _1087_/Y
 _1088_/Y
 _1089_/Y
 _1090_/Y
 _1091_/Y
 _1092_/Y
 _1093_/Y
 _1094_/Y
 _1095_/Y
 _1096_/Y
 _1097_/Y
 _1098_/Y
 _1099_/Y
 _1100_/Y
 _1101_/Y
 _1102_/Y
 _1103_/Y
 _1104_/Y
 _1105_/Y
 _1106_/Y
 _1107_/Y
 _1108_/Y
 _1109_/Y
 _1110_/Y
 _1111_/Y
 _1112_/Y
 _1113_/Y
 _1114_/Y
 _1115_/Y
 _1116_/Y
 _1117_/Y
 _1118_/Y
 _1119_/Y
 _1120_/Y
 _1121_/Y
 _1122_/Y
 _1123_/Y
 _1124_/Y
 _1125_/Y
 _1126_/Y
 _1127_/Y
 _1128_/Y
 _1129_/Y
 _1130_/Y
 _1131_/Y
 _1132_/Y
 _1133_/Y
 _1134_/Y
 _1135_/Y
 _1136_/Y
 _1137_/Y
 _1138_/Y
 _1139_/Y
 _1140_/Y
 _1141_/Y
 _1142_/Y
 _1143_/Y
 _1144_/Y
 _1145_/Y
 _1146_/Y
 _1147_/Y
 _1148_/Y
 _1149_/Y
 _1150_/Y
 _1151_/Y
 _1152_/Y
 _1153_/Y
 _1154_/Y
 _1155_/Y
 _1156_/Y
 _1157_/Y
 _1158_/Y
 _1159_/Y
 _1160_/Y
 _1161_/Y
 _1162_/Y
 _1163_/Y
 _1164_/Y
 _1165_/Y
 _1166_/Y
 _1167_/Y
 _1168_/Y
 _1169_/Y
 _1170_/Y
 _1171_/Y
 _1172_/Y
 _1173_/Y
 _1174_/Y
 _1175_/Y
 _1176_/Y
 _1177_/Y
 _1178_/Y
 _1179_/Y
 _1180_/Y
 _1181_/Y
 _1182_/Y
 _1183_/Y
 _1184_/Y
 _1185_/Y
 _1186_/Y
 _1187_/Y
 _1188_/Y
 _1189_/Q
 _1190_/Q
 _1191_/Q
 _1192_/Q
 _1193_/Q
 _1194_/Q
 _1195_/Q
 _1196_/Q
 _1197_/Q
 _1198_/Q
 _1199_/Q
 _1200_/Q
 _1201_/Q
 _1202_/Q
 _1203_/Q
 _1204_/Q
 _1205_/Q
 _1206_/Q
 _1207_/Q
 _1208_/Q
 _1209_/Q
 _1210_/Q
 _1211_/Q
 _1212_/Q
 _1213_/Q
 _1214_/Q
 _1215_/Q
 _1216_/Q
 _1217_/Q
 _1218_/Q
 _1219_/Q
 _1220_/Q
 _1221_/Q
 _1222_/Q
 _1223_/Q
 _1224_/Q
 _1225_/Q
 _1226_/Q
 _1227_/Q
 _1228_/Q
 _1229_/Q
 _1230_/Q
 _1231_/Q
 _1232_/Q
 _1233_/Q
 _1234_/Q
 _1235_/Q
 _1236_/Q
 _1237_/Q
 _1238_/Q
 _1239_/Q
 _1240_/Q
 _1241_/Q
 _1242_/Q
 _1243_/Q
 _1244_/Q
 _1245_/Q
 _1246_/Q
 _1247_/Q
 _1248_/Q
 _1249_/Q
 _1250_/Q
 _1251_/Q
 _1252_/Q
 _1253_/Q
 _1254_/Q
 _1255_/Q
 _1256_/Q
 _1257_/Q
 _1258_/Q
 _1259_/Q
 _1260_/Q
 _1261_/Q
 _1262_/Q
 _1263_/Q
 _1264_/Q
 _1265_/Q
 _1266_/Q
 _1267_/Q
 _1268_/Q
 _1269_/Q
 _1270_/Q
 _1271_/Q
 _1272_/Q
 _1273_/Q
 _1274_/Q
 _1275_/Q
 _1276_/Q
 _1277_/Q
 _1278_/Q
 _1279_/Q
 _1280_/Q
 _1281_/Q
 _1282_/Q
 _1283_/Q
 _1284_/Q
 _1285_/Q
 _1286_/Q
 _1287_/Q
 _1288_/Q
 _1289_/Q
 _1290_/Q
 _1291_/Q
 _1292_/Q
 _1293_/Q
 _1294_/Q
 _1295_/Q
 _1296_/Q
 _1297_/Q
 _1298_/Q
 _1299_/Q
 _1300_/Q
 _1301_/Q
 _1302_/Q
 _1303_/Q
 _1304_/Q
 _1305_/Q
 _1306_/Q
 _1307_/Q
 _1308_/Q
 _1309_/Q
 _1310_/Q
 _1311_/Q
 _1312_/Q
 _1313_/Q
 _1314_/Q
 _1315_/Q
 _1316_/Q
 _1317_/Q
 _1318_/Q
 _1319_/Q
 _1320_/Q
 _1321_/Q
 _1322_/Q
 _1323_/Q
 _1324_/Q
 _1325_/Q
 _1326_/Q
 _1327_/Q
 _1328_/Q
 _1329_/Q
 _1330_/Q
 _1331_/Q
 _1332_/Q
 _1333_/Q
 _1334_/Q
 _1335_/Q
 _1336_/Q
 _1337_/Q
 _1338_/Q
 _1339_/Q
 _1340_/Q
 _1341_/Q
 _1342_/Q
 _1343_/Q
 _1344_/Q
 _1345_/Q
 _1346_/Q
 _1347_/Q
 _1348_/Q
 _1349_/Q
 _1350_/Q
 _1351_/Q
 _1352_/Q
 _1353_/Q
 _1354_/Q
Found 0 partially unannotated drivers.

===========================================================================
max slew violation count 161
max fanout violation count 9
max cap violation count 1
============================================================================

===========================================================================
check_setup -verbose -unconstrained_endpoints -multiple_clock -no_clock -no_input_delay -loops -generated_clocks
===========================================================================
