Clock: clk
Sources: clk 
Generated: no
Virtual: no
Propagated: no
Period: 100.000000

===========================================================================
report_clock_properties
============================================================================
Clock                   Period          Waveform
----------------------------------------------------
clk                 100.000000    0.000000 50.000000

===========================================================================
report_clock_latency
============================================================================
Clock clk
rise -> rise
    min     max
0.000000 0.000000 source latency
0.756610         network latency _1189_/CLK
        0.756610 network latency _1189_/CLK
---------------
0.756610 0.756610 latency
        0.000000 skew

fall -> fall
    min     max
0.000000 0.000000 source latency
0.331568         network latency _1189_/CLK
        0.331568 network latency _1189_/CLK
---------------
0.331568 0.331568 latency
        0.000000 skew



===========================================================================
report_clock_min_period
============================================================================
clk period_min = 1.97 fmax = 507.99
