Reading OpenROAD database at '/mnt/d/backup_later/ET4340/prj/main_prj/main_prj/src/runs/RUN_2025-12-04_07-52-11/47-odb-reportdisconnectedpins/viterbi_decoder.odb'…
Reading library file at '/home/lroot/.volare/volare/sky130/versions/0fe599b2afb6708d281543108caf8310912f54af/sky130A/libs.ref/sky130_fd_sc_hd/lib/sky130_fd_sc_hd__tt_025C_1v80.lib'…
Reading design constraints file at '/nix/store/ss2cw3sxbrwwx9jl0rrppbw4kgcmgi2n-python3-3.11.9-env/lib/python3.11/site-packages/openlane/scripts/base.sdc'…
[INFO] Using clock clk…
[INFO] Setting output delay to: 20
[INFO] Setting input delay to: 20
[INFO] Setting load to: 0.033442
[INFO] Setting clock uncertainty to: 0.25
[INFO] Setting clock transition to: 0.1499999999999999944488848768742172978818416595458984375
[INFO] Setting timing derate to: 5%
sky130_ef_sc_hd__decap_12 sky130_fd_sc_hd__decap_8 sky130_fd_sc_hd__decap_6 sky130_fd_sc_hd__decap_4 sky130_fd_sc_hd__decap_3 sky130_fd_sc_hd__fill*
[INFO DPL-0001] Placed 1405 filler instances.
Setting global connections for newly added cells…
[INFO] Setting global connections...
Updating metrics…
Cell type report:                       Count       Area
  Fill cell                              1515   11945.21
  Tap cell                                313     391.63
  Clock buffer                             18     259.00
  Timing Repair Buffer                    176    1465.16
  Inverter                                165     619.34
  Clock inverter                           14     138.88
  Sequential cell                         166    4162.74
  Multi-Input combinational cell          430    3589.69
  Total                                  2797   22571.65
Writing OpenROAD database to '/mnt/d/backup_later/ET4340/prj/main_prj/main_prj/src/runs/RUN_2025-12-04_07-52-11/51-openroad-fillinsertion/viterbi_decoder.odb'…
Writing netlist to '/mnt/d/backup_later/ET4340/prj/main_prj/main_prj/src/runs/RUN_2025-12-04_07-52-11/51-openroad-fillinsertion/viterbi_decoder.nl.v'…
Writing powered netlist to '/mnt/d/backup_later/ET4340/prj/main_prj/main_prj/src/runs/RUN_2025-12-04_07-52-11/51-openroad-fillinsertion/viterbi_decoder.pnl.v'…
Writing layout to '/mnt/d/backup_later/ET4340/prj/main_prj/main_prj/src/runs/RUN_2025-12-04_07-52-11/51-openroad-fillinsertion/viterbi_decoder.def'…
Writing timing constraints to '/mnt/d/backup_later/ET4340/prj/main_prj/main_prj/src/runs/RUN_2025-12-04_07-52-11/51-openroad-fillinsertion/viterbi_decoder.sdc'…
