
===========================================================================
report_checks -unconstrained
===========================================================================
======================= nom_tt_025C_1v80 Corner ===================================

Startpoint: rst (input port clocked by clk)
Endpoint: _1327_ (recovery check against rising-edge clock clk)
Path Group: asynchronous
Path Type: max

Fanout         Cap        Slew       Delay        Time   Description
---------------------------------------------------------------------------------------------
                                  0.000000    0.000000   clock clk (rise edge)
                                  0.000000    0.000000   clock network delay (propagated)
                                 20.000000   20.000000 v input external delay
   160    0.783089    1.699554    1.275108   21.275108 v rst (in)
                                                         rst (net)
                      1.699923    0.000000   21.275108 v _1161_/A (sky130_fd_sc_hd__inv_2)
     1    0.003489    0.200908    0.283054   21.558163 ^ _1161_/Y (sky130_fd_sc_hd__inv_2)
                                                         _0043_ (net)
                      0.200908    0.000002   21.558165 ^ _1327_/SET_B (sky130_fd_sc_hd__dfstp_2)
                                             21.558165   data arrival time

                                100.000000  100.000000   clock clk (rise edge)
                                  0.000000  100.000000   clock source latency
   166    0.416225    1.853520    1.279076  101.279076 ^ clk (in)
                                                         clk (net)
                      1.853606    0.000000  101.279076 ^ _1327_/CLK (sky130_fd_sc_hd__dfstp_2)
                                 -0.250000  101.029076   clock uncertainty
                                  0.000000  101.029076   clock reconvergence pessimism
                                  0.395245  101.424324   library recovery time
                                            101.424324   data required time
---------------------------------------------------------------------------------------------
                                            101.424324   data required time
                                            -21.558165   data arrival time
---------------------------------------------------------------------------------------------
                                             79.866158   slack (MET)


Startpoint: rst (input port clocked by clk)
Endpoint: _1321_ (rising edge-triggered flip-flop clocked by clk)
Path Group: clk
Path Type: max

Fanout         Cap        Slew       Delay        Time   Description
---------------------------------------------------------------------------------------------
                                  0.000000    0.000000   clock clk (rise edge)
                                  0.000000    0.000000   clock network delay (propagated)
                                 20.000000   20.000000 ^ input external delay
   160    0.841493    3.738370    2.575881   22.575882 ^ rst (in)
                                                         rst (net)
                      3.738507    0.000000   22.575882 ^ _0978_/A (sky130_fd_sc_hd__nor2_2)
     8    0.024886    0.564816    0.367748   22.943630 v _0978_/Y (sky130_fd_sc_hd__nor2_2)
                                                         _0548_ (net)
                      0.564816    0.000085   22.943716 v _1031_/S (sky130_fd_sc_hd__mux2_1)
     1    0.001818    0.053380    0.483892   23.427607 v _1031_/X (sky130_fd_sc_hd__mux2_1)
                                                         _0203_ (net)
                      0.053380    0.000002   23.427608 v _1321_/D (sky130_fd_sc_hd__dfxtp_2)
                                             23.427608   data arrival time

                                100.000000  100.000000   clock clk (rise edge)
                                  0.000000  100.000000   clock source latency
   166    0.416225    1.853520    1.277414  101.277412 ^ clk (in)
                                                         clk (net)
                      1.853581    0.000000  101.277412 ^ _1321_/CLK (sky130_fd_sc_hd__dfxtp_2)
                                 -0.250000  101.027412   clock uncertainty
                                  0.000000  101.027412   clock reconvergence pessimism
                                  0.109645  101.137054   library setup time
                                            101.137054   data required time
---------------------------------------------------------------------------------------------
                                            101.137054   data required time
                                            -23.427608   data arrival time
---------------------------------------------------------------------------------------------
                                             77.709450   slack (MET)




===========================================================================
report_checks --slack_max -0.01
============================================================================
======================= nom_tt_025C_1v80 Corner ===================================

No paths found.


===========================================================================
 report_check_types -max_slew -max_cap -max_fanout -violators
============================================================================
======================= nom_tt_025C_1v80 Corner ===================================

max slew

Pin                                        Limit        Slew       Slack
------------------------------------------------------------------------
_1088_/A                                0.750000    3.738713   -2.988713 (VIOLATED)
_1094_/A                                0.750000    3.738711   -2.988711 (VIOLATED)
_1096_/A                                0.750000    3.738710   -2.988710 (VIOLATED)
_1110_/A                                0.750000    3.738712   -2.988712 (VIOLATED)
_1112_/A                                0.750000    3.738712   -2.988712 (VIOLATED)
_1102_/A                                0.750000    3.738708   -2.988708 (VIOLATED)
_1104_/A                                0.750000    3.738708   -2.988708 (VIOLATED)
_1106_/A                                0.750000    3.738708   -2.988708 (VIOLATED)
_1108_/A                                0.750000    3.738710   -2.988710 (VIOLATED)
_1114_/A                                0.750000    3.738710   -2.988710 (VIOLATED)
_1132_/A                                0.750000    3.738713   -2.988713 (VIOLATED)
_1153_/A                                0.750000    3.738713   -2.988713 (VIOLATED)
_1155_/A                                0.750000    3.738713   -2.988713 (VIOLATED)
_1186_/A                                0.750000    3.738708   -2.988708 (VIOLATED)
_1090_/A                                0.750000    3.738704   -2.988703 (VIOLATED)
_1095_/A                                0.750000    3.738704   -2.988703 (VIOLATED)
_1118_/A                                0.750000    3.738706   -2.988706 (VIOLATED)
_1100_/A                                0.750000    3.738703   -2.988703 (VIOLATED)
_1107_/A                                0.750000    3.738703   -2.988703 (VIOLATED)
_1120_/A                                0.750000    3.738701   -2.988701 (VIOLATED)
_1131_/A                                0.750000    3.738704   -2.988704 (VIOLATED)
_1152_/A                                0.750000    3.738699   -2.988699 (VIOLATED)
_1101_/A                                0.750000    3.738694   -2.988694 (VIOLATED)
_1185_/A                                0.750000    3.738693   -2.988693 (VIOLATED)
_1089_/A                                0.750000    3.738682   -2.988682 (VIOLATED)
_1119_/A                                0.750000    3.738681   -2.988681 (VIOLATED)
_1067_/A                                0.750000    3.738668   -2.988668 (VIOLATED)
_1097_/A                                0.750000    3.738658   -2.988658 (VIOLATED)
_1099_/A                                0.750000    3.738654   -2.988654 (VIOLATED)
_1092_/A                                0.750000    3.738638   -2.988638 (VIOLATED)
_1098_/A                                0.750000    3.738636   -2.988636 (VIOLATED)
_1105_/A                                0.750000    3.738634   -2.988634 (VIOLATED)
_1116_/A                                0.750000    3.738636   -2.988636 (VIOLATED)
_1126_/A                                0.750000    3.738637   -2.988637 (VIOLATED)
_1138_/A                                0.750000    3.738635   -2.988635 (VIOLATED)
_1103_/A                                0.750000    3.738631   -2.988631 (VIOLATED)
_1073_/A                                0.750000    3.738627   -2.988627 (VIOLATED)
_1074_/A                                0.750000    3.738630   -2.988630 (VIOLATED)
_1109_/A                                0.750000    3.738630   -2.988629 (VIOLATED)
_1111_/A                                0.750000    3.738632   -2.988632 (VIOLATED)
_1115_/A                                0.750000    3.738634   -2.988634 (VIOLATED)
_1117_/A                                0.750000    3.738630   -2.988630 (VIOLATED)
_1122_/A                                0.750000    3.738623   -2.988623 (VIOLATED)
_1124_/A                                0.750000    3.738621   -2.988621 (VIOLATED)
_1134_/A                                0.750000    3.738621   -2.988621 (VIOLATED)
_1140_/A                                0.750000    3.738620   -2.988620 (VIOLATED)
_1034_/A                                0.750000    3.738606   -2.988606 (VIOLATED)
_1033_/A                                0.750000    3.738602   -2.988602 (VIOLATED)
_1032_/A                                0.750000    3.738580   -2.988580 (VIOLATED)
_1160_/A                                0.750000    3.738569   -2.988569 (VIOLATED)
_1161_/A                                0.750000    3.738569   -2.988569 (VIOLATED)
_1162_/A                                0.750000    3.738569   -2.988569 (VIOLATED)
_0597_/A                                0.750000    3.738532   -2.988532 (VIOLATED)
_1060_/A                                0.750000    3.738525   -2.988525 (VIOLATED)
_1061_/A                                0.750000    3.738527   -2.988527 (VIOLATED)
_1062_/A                                0.750000    3.738527   -2.988526 (VIOLATED)
_1063_/A                                0.750000    3.738527   -2.988527 (VIOLATED)
_1163_/A                                0.750000    3.738525   -2.988525 (VIOLATED)
_1170_/A                                0.750000    3.738520   -2.988520 (VIOLATED)
_1176_/A                                0.750000    3.738521   -2.988521 (VIOLATED)
_1177_/A                                0.750000    3.738521   -2.988521 (VIOLATED)
_1183_/A                                0.750000    3.738522   -2.988522 (VIOLATED)
_1175_/A                                0.750000    3.738515   -2.988515 (VIOLATED)
_1121_/A                                0.750000    3.738511   -2.988511 (VIOLATED)
_1133_/A                                0.750000    3.738513   -2.988513 (VIOLATED)
_1135_/A                                0.750000    3.738511   -2.988511 (VIOLATED)
_1141_/A                                0.750000    3.738513   -2.988513 (VIOLATED)
_1142_/A                                0.750000    3.738513   -2.988513 (VIOLATED)
_1164_/A                                0.750000    3.738515   -2.988515 (VIOLATED)
_0978_/A                                0.750000    3.738507   -2.988507 (VIOLATED)
_0979_/A                                0.750000    3.738507   -2.988506 (VIOLATED)
_1143_/A                                0.750000    3.738507   -2.988506 (VIOLATED)
_1144_/A                                0.750000    3.738507   -2.988506 (VIOLATED)
_1145_/A                                0.750000    3.738505   -2.988505 (VIOLATED)
_1044_/A                                0.750000    3.738500   -2.988500 (VIOLATED)
_1052_/A                                0.750000    3.738499   -2.988499 (VIOLATED)
_1054_/A                                0.750000    3.738499   -2.988499 (VIOLATED)
_1056_/A                                0.750000    3.738499   -2.988499 (VIOLATED)
_1113_/A                                0.750000    3.738500   -2.988500 (VIOLATED)
_1130_/A                                0.750000    3.738503   -2.988503 (VIOLATED)
_1136_/A                                0.750000    3.738506   -2.988506 (VIOLATED)
_1035_/A                                0.750000    3.738496   -2.988496 (VIOLATED)
_1058_/A                                0.750000    3.738499   -2.988499 (VIOLATED)
_1093_/A                                0.750000    3.738500   -2.988500 (VIOLATED)
_1123_/A                                0.750000    3.738498   -2.988498 (VIOLATED)
_1127_/A                                0.750000    3.738500   -2.988500 (VIOLATED)
_1128_/A                                0.750000    3.738503   -2.988503 (VIOLATED)
_1129_/A                                0.750000    3.738502   -2.988502 (VIOLATED)
_1137_/A                                0.750000    3.738501   -2.988501 (VIOLATED)
_1139_/A                                0.750000    3.738502   -2.988502 (VIOLATED)
_1146_/A                                0.750000    3.738501   -2.988501 (VIOLATED)
_1147_/A                                0.750000    3.738499   -2.988499 (VIOLATED)
_1045_/A                                0.750000    3.738493   -2.988493 (VIOLATED)
_1046_/A                                0.750000    3.738496   -2.988496 (VIOLATED)
_1048_/A                                0.750000    3.738497   -2.988497 (VIOLATED)
_1050_/A                                0.750000    3.738497   -2.988497 (VIOLATED)
_1047_/A                                0.750000    3.738493   -2.988493 (VIOLATED)
_1087_/A                                0.750000    3.738495   -2.988495 (VIOLATED)
_1091_/A                                0.750000    3.738496   -2.988496 (VIOLATED)
_1049_/A                                0.750000    3.738491   -2.988491 (VIOLATED)
_1051_/A                                0.750000    3.738492   -2.988492 (VIOLATED)
_1125_/A                                0.750000    3.738493   -2.988493 (VIOLATED)
_1151_/A                                0.750000    3.738493   -2.988493 (VIOLATED)
_1154_/A                                0.750000    3.738496   -2.988496 (VIOLATED)
_1053_/A                                0.750000    3.738486   -2.988486 (VIOLATED)
_1057_/A                                0.750000    3.738487   -2.988487 (VIOLATED)
_1065_/A                                0.750000    3.738488   -2.988488 (VIOLATED)
_1148_/A                                0.750000    3.738486   -2.988486 (VIOLATED)
_1149_/A                                0.750000    3.738486   -2.988486 (VIOLATED)
_1172_/A                                0.750000    3.738489   -2.988489 (VIOLATED)
_1173_/A                                0.750000    3.738489   -2.988489 (VIOLATED)
_1174_/A                                0.750000    3.738489   -2.988489 (VIOLATED)
_1150_/A                                0.750000    3.738486   -2.988486 (VIOLATED)
_1036_/A                                0.750000    3.738482   -2.988482 (VIOLATED)
_1055_/A                                0.750000    3.738483   -2.988483 (VIOLATED)
_1059_/A                                0.750000    3.738485   -2.988485 (VIOLATED)
_1066_/A                                0.750000    3.738484   -2.988484 (VIOLATED)
_1167_/A                                0.750000    3.738484   -2.988484 (VIOLATED)
_1171_/A                                0.750000    3.738485   -2.988485 (VIOLATED)
_1184_/A                                0.750000    3.738485   -2.988485 (VIOLATED)
_1178_/A                                0.750000    3.738482   -2.988482 (VIOLATED)
_1180_/A                                0.750000    3.738484   -2.988484 (VIOLATED)
_1182_/A                                0.750000    3.738482   -2.988482 (VIOLATED)
_1038_/A                                0.750000    3.738478   -2.988478 (VIOLATED)
_1085_/A                                0.750000    3.738480   -2.988480 (VIOLATED)
_1165_/A                                0.750000    3.738480   -2.988480 (VIOLATED)
_1169_/A                                0.750000    3.738481   -2.988481 (VIOLATED)
_1039_/A                                0.750000    3.738476   -2.988476 (VIOLATED)
_1040_/A                                0.750000    3.738476   -2.988476 (VIOLATED)
_1075_/A                                0.750000    3.738475   -2.988474 (VIOLATED)
_1166_/A                                0.750000    3.738476   -2.988476 (VIOLATED)
_1168_/A                                0.750000    3.738476   -2.988476 (VIOLATED)
_1179_/A                                0.750000    3.738477   -2.988477 (VIOLATED)
_1181_/A                                0.750000    3.738477   -2.988477 (VIOLATED)
_1188_/A                                0.750000    3.738477   -2.988477 (VIOLATED)
_1064_/A                                0.750000    3.738471   -2.988471 (VIOLATED)
_1079_/A                                0.750000    3.738472   -2.988472 (VIOLATED)
_1080_/A                                0.750000    3.738475   -2.988475 (VIOLATED)
_1187_/A                                0.750000    3.738473   -2.988473 (VIOLATED)
_1078_/A                                0.750000    3.738469   -2.988469 (VIOLATED)
_1156_/A                                0.750000    3.738470   -2.988470 (VIOLATED)
_1157_/A                                0.750000    3.738470   -2.988470 (VIOLATED)
_1158_/A                                0.750000    3.738470   -2.988470 (VIOLATED)
_1159_/A                                0.750000    3.738471   -2.988471 (VIOLATED)
_1083_/A                                0.750000    3.738461   -2.988461 (VIOLATED)
_1084_/A                                0.750000    3.738464   -2.988464 (VIOLATED)
_1086_/A                                0.750000    3.738465   -2.988465 (VIOLATED)
_1037_/A                                0.750000    3.738451   -2.988451 (VIOLATED)
_1072_/A                                0.750000    3.738452   -2.988452 (VIOLATED)
_1081_/A                                0.750000    3.738452   -2.988452 (VIOLATED)
_1082_/A                                0.750000    3.738452   -2.988452 (VIOLATED)
_1077_/A                                0.750000    3.738445   -2.988445 (VIOLATED)
_1076_/A                                0.750000    3.738437   -2.988437 (VIOLATED)
_1071_/A                                0.750000    3.738429   -2.988429 (VIOLATED)
_1042_/A                                0.750000    3.738423   -2.988423 (VIOLATED)
_1043_/A                                0.750000    3.738424   -2.988424 (VIOLATED)
_1070_/A                                0.750000    3.738415   -2.988415 (VIOLATED)
_1069_/A                                0.750000    3.738403   -2.988403 (VIOLATED)
_1041_/A                                0.750000    3.738400   -2.988400 (VIOLATED)
_1068_/A                                0.750000    3.738388   -2.988388 (VIOLATED)
rst                                     0.750000    3.738370   -2.988370 (VIOLATED)
_1254_/CLK                              0.750000    1.853656   -1.103656 (VIOLATED)
_1268_/CLK                              0.750000    1.853657   -1.103657 (VIOLATED)
_1270_/CLK                              0.750000    1.853657   -1.103657 (VIOLATED)
_1290_/CLK                              0.750000    1.853657   -1.103657 (VIOLATED)
_1311_/CLK                              0.750000    1.853657   -1.103657 (VIOLATED)
_1262_/CLK                              0.750000    1.853655   -1.103656 (VIOLATED)
_1264_/CLK                              0.750000    1.853656   -1.103656 (VIOLATED)
_1266_/CLK                              0.750000    1.853656   -1.103656 (VIOLATED)
_1253_/CLK                              0.750000    1.853654   -1.103654 (VIOLATED)
_1265_/CLK                              0.750000    1.853654   -1.103654 (VIOLATED)
_1289_/CLK                              0.750000    1.853654   -1.103654 (VIOLATED)
_1248_/CLK                              0.750000    1.853652   -1.103652 (VIOLATED)
_1258_/CLK                              0.750000    1.853651   -1.103651 (VIOLATED)
_1260_/CLK                              0.750000    1.853652   -1.103652 (VIOLATED)
_1276_/CLK                              0.750000    1.853652   -1.103652 (VIOLATED)
_1278_/CLK                              0.750000    1.853651   -1.103651 (VIOLATED)
_1310_/CLK                              0.750000    1.853652   -1.103652 (VIOLATED)
_1352_/CLK                              0.750000    1.853652   -1.103652 (VIOLATED)
_1259_/CLK                              0.750000    1.853649   -1.103649 (VIOLATED)
_1351_/CLK                              0.750000    1.853649   -1.103649 (VIOLATED)
_1246_/CLK                              0.750000    1.853647   -1.103647 (VIOLATED)
_1252_/CLK                              0.750000    1.853647   -1.103647 (VIOLATED)
_1272_/CLK                              0.750000    1.853647   -1.103647 (VIOLATED)
_1312_/CLK                              0.750000    1.853646   -1.103646 (VIOLATED)
_1313_/CLK                              0.750000    1.853647   -1.103647 (VIOLATED)
_1317_/CLK                              0.750000    1.853647   -1.103647 (VIOLATED)
_1219_/CLK                              0.750000    1.853645   -1.103645 (VIOLATED)
_1220_/CLK                              0.750000    1.853645   -1.103645 (VIOLATED)
_1221_/CLK                              0.750000    1.853645   -1.103645 (VIOLATED)
_1247_/CLK                              0.750000    1.853646   -1.103646 (VIOLATED)
_1277_/CLK                              0.750000    1.853645   -1.103645 (VIOLATED)
_1315_/CLK                              0.750000    1.853644   -1.103644 (VIOLATED)
_1318_/CLK                              0.750000    1.853644   -1.103644 (VIOLATED)
_1319_/CLK                              0.750000    1.853645   -1.103645 (VIOLATED)
_1225_/CLK                              0.750000    1.853641   -1.103641 (VIOLATED)
_1314_/CLK                              0.750000    1.853640   -1.103640 (VIOLATED)
_1255_/CLK                              0.750000    1.853637   -1.103637 (VIOLATED)
_1257_/CLK                              0.750000    1.853636   -1.103636 (VIOLATED)
_1301_/CLK                              0.750000    1.853637   -1.103637 (VIOLATED)
_1302_/CLK                              0.750000    1.853638   -1.103638 (VIOLATED)
_1303_/CLK                              0.750000    1.853633   -1.103633 (VIOLATED)
_1250_/CLK                              0.750000    1.853631   -1.103631 (VIOLATED)
_1256_/CLK                              0.750000    1.853630   -1.103630 (VIOLATED)
_1284_/CLK                              0.750000    1.853630   -1.103630 (VIOLATED)
_1263_/CLK                              0.750000    1.853629   -1.103629 (VIOLATED)
_1296_/CLK                              0.750000    1.853629   -1.103629 (VIOLATED)
_1261_/CLK                              0.750000    1.853628   -1.103628 (VIOLATED)
_1269_/CLK                              0.750000    1.853628   -1.103628 (VIOLATED)
_1273_/CLK                              0.750000    1.853629   -1.103629 (VIOLATED)
_1274_/CLK                              0.750000    1.853630   -1.103630 (VIOLATED)
_1231_/CLK                              0.750000    1.853626   -1.103626 (VIOLATED)
_1286_/CLK                              0.750000    1.853627   -1.103627 (VIOLATED)
_1287_/CLK                              0.750000    1.853626   -1.103626 (VIOLATED)
_1295_/CLK                              0.750000    1.853626   -1.103626 (VIOLATED)
_1297_/CLK                              0.750000    1.853626   -1.103626 (VIOLATED)
_1304_/CLK                              0.750000    1.853625   -1.103625 (VIOLATED)
_1232_/CLK                              0.750000    1.853624   -1.103624 (VIOLATED)
_1251_/CLK                              0.750000    1.853624   -1.103624 (VIOLATED)
_1267_/CLK                              0.750000    1.853624   -1.103624 (VIOLATED)
_1271_/CLK                              0.750000    1.853625   -1.103625 (VIOLATED)
_1275_/CLK                              0.750000    1.853624   -1.103624 (VIOLATED)
_1280_/CLK                              0.750000    1.853623   -1.103623 (VIOLATED)
_1282_/CLK                              0.750000    1.853623   -1.103623 (VIOLATED)
_1285_/CLK                              0.750000    1.853623   -1.103623 (VIOLATED)
_1292_/CLK                              0.750000    1.853623   -1.103623 (VIOLATED)
_1281_/CLK                              0.750000    1.853621   -1.103622 (VIOLATED)
_1298_/CLK                              0.750000    1.853623   -1.103623 (VIOLATED)
_1192_/CLK                              0.750000    1.853618   -1.103618 (VIOLATED)
_1193_/CLK                              0.750000    1.853618   -1.103618 (VIOLATED)
_1191_/CLK                              0.750000    1.853617   -1.103617 (VIOLATED)
_1245_/CLK                              0.750000    1.853617   -1.103617 (VIOLATED)
_1249_/CLK                              0.750000    1.853618   -1.103618 (VIOLATED)
_1283_/CLK                              0.750000    1.853617   -1.103617 (VIOLATED)
_1316_/CLK                              0.750000    1.853618   -1.103618 (VIOLATED)
_1190_/CLK                              0.750000    1.853609   -1.103609 (VIOLATED)
_1306_/CLK                              0.750000    1.853606   -1.103606 (VIOLATED)
_1307_/CLK                              0.750000    1.853606   -1.103606 (VIOLATED)
_1308_/CLK                              0.750000    1.853606   -1.103606 (VIOLATED)
_1326_/CLK                              0.750000    1.853606   -1.103606 (VIOLATED)
_1327_/CLK                              0.750000    1.853606   -1.103606 (VIOLATED)
_1328_/CLK                              0.750000    1.853606   -1.103606 (VIOLATED)
_1243_/CLK                              0.750000    1.853599   -1.103599 (VIOLATED)
_1189_/CLK                              0.750000    1.853594   -1.103594 (VIOLATED)
_1233_/CLK                              0.750000    1.853593   -1.103593 (VIOLATED)
_1238_/CLK                              0.750000    1.853593   -1.103593 (VIOLATED)
_1237_/CLK                              0.750000    1.853591   -1.103591 (VIOLATED)
_1236_/CLK                              0.750000    1.853587   -1.103587 (VIOLATED)
_1202_/CLK                              0.750000    1.853585   -1.103585 (VIOLATED)
_1210_/CLK                              0.750000    1.853585   -1.103585 (VIOLATED)
_1212_/CLK                              0.750000    1.853585   -1.103585 (VIOLATED)
_1204_/CLK                              0.750000    1.853583   -1.103583 (VIOLATED)
_1206_/CLK                              0.750000    1.853583   -1.103583 (VIOLATED)
_1208_/CLK                              0.750000    1.853584   -1.103584 (VIOLATED)
_1214_/CLK                              0.750000    1.853584   -1.103585 (VIOLATED)
_1216_/CLK                              0.750000    1.853584   -1.103584 (VIOLATED)
_1203_/CLK                              0.750000    1.853582   -1.103582 (VIOLATED)
_1205_/CLK                              0.750000    1.853582   -1.103582 (VIOLATED)
_1242_/CLK                              0.750000    1.853583   -1.103583 (VIOLATED)
_1207_/CLK                              0.750000    1.853581   -1.103581 (VIOLATED)
_1209_/CLK                              0.750000    1.853581   -1.103581 (VIOLATED)
_1218_/CLK                              0.750000    1.853581   -1.103581 (VIOLATED)
_1241_/CLK                              0.750000    1.853580   -1.103580 (VIOLATED)
_1300_/CLK                              0.750000    1.853580   -1.103580 (VIOLATED)
_1320_/CLK                              0.750000    1.853581   -1.103581 (VIOLATED)
_1321_/CLK                              0.750000    1.853581   -1.103581 (VIOLATED)
_1329_/CLK                              0.750000    1.853581   -1.103581 (VIOLATED)
_1211_/CLK                              0.750000    1.853579   -1.103579 (VIOLATED)
_1215_/CLK                              0.750000    1.853579   -1.103579 (VIOLATED)
_1291_/CLK                              0.750000    1.853579   -1.103579 (VIOLATED)
_1299_/CLK                              0.750000    1.853579   -1.103579 (VIOLATED)
_1349_/CLK                              0.750000    1.853579   -1.103580 (VIOLATED)
_1213_/CLK                              0.750000    1.853578   -1.103578 (VIOLATED)
_1217_/CLK                              0.750000    1.853578   -1.103578 (VIOLATED)
_1279_/CLK                              0.750000    1.853577   -1.103577 (VIOLATED)
_1293_/CLK                              0.750000    1.853578   -1.103578 (VIOLATED)
_1330_/CLK                              0.750000    1.853578   -1.103578 (VIOLATED)
_1336_/CLK                              0.750000    1.853579   -1.103579 (VIOLATED)
_1341_/CLK                              0.750000    1.853579   -1.103579 (VIOLATED)
_1342_/CLK                              0.750000    1.853579   -1.103580 (VIOLATED)
_1343_/CLK                              0.750000    1.853579   -1.103580 (VIOLATED)
_1194_/CLK                              0.750000    1.853576   -1.103576 (VIOLATED)
_1196_/CLK                              0.750000    1.853575   -1.103575 (VIOLATED)
_1294_/CLK                              0.750000    1.853575   -1.103575 (VIOLATED)
_1197_/CLK                              0.750000    1.853574   -1.103574 (VIOLATED)
_1198_/CLK                              0.750000    1.853574   -1.103574 (VIOLATED)
_1288_/CLK                              0.750000    1.853574   -1.103574 (VIOLATED)
_1239_/CLK                              0.750000    1.853572   -1.103572 (VIOLATED)
_1240_/CLK                              0.750000    1.853572   -1.103572 (VIOLATED)
_1305_/CLK                              0.750000    1.853573   -1.103573 (VIOLATED)
_1309_/CLK                              0.750000    1.853570   -1.103570 (VIOLATED)
_1223_/CLK                              0.750000    1.853568   -1.103568 (VIOLATED)
_1333_/CLK                              0.750000    1.853569   -1.103569 (VIOLATED)
_1337_/CLK                              0.750000    1.853569   -1.103569 (VIOLATED)
_1338_/CLK                              0.750000    1.853569   -1.103569 (VIOLATED)
_1339_/CLK                              0.750000    1.853569   -1.103569 (VIOLATED)
_1340_/CLK                              0.750000    1.853569   -1.103569 (VIOLATED)
_1346_/CLK                              0.750000    1.853568   -1.103568 (VIOLATED)
_1350_/CLK                              0.750000    1.853569   -1.103569 (VIOLATED)
_1224_/CLK                              0.750000    1.853567   -1.103567 (VIOLATED)
_1331_/CLK                              0.750000    1.853567   -1.103567 (VIOLATED)
_1335_/CLK                              0.750000    1.853567   -1.103567 (VIOLATED)
_1344_/CLK                              0.750000    1.853568   -1.103568 (VIOLATED)
_1348_/CLK                              0.750000    1.853568   -1.103568 (VIOLATED)
_1235_/CLK                              0.750000    1.853565   -1.103565 (VIOLATED)
_1332_/CLK                              0.750000    1.853565   -1.103565 (VIOLATED)
_1334_/CLK                              0.750000    1.853565   -1.103565 (VIOLATED)
_1345_/CLK                              0.750000    1.853565   -1.103565 (VIOLATED)
_1347_/CLK                              0.750000    1.853565   -1.103565 (VIOLATED)
_1195_/CLK                              0.750000    1.853564   -1.103564 (VIOLATED)
_1322_/CLK                              0.750000    1.853563   -1.103563 (VIOLATED)
_1323_/CLK                              0.750000    1.853563   -1.103563 (VIOLATED)
_1354_/CLK                              0.750000    1.853564   -1.103564 (VIOLATED)
_1324_/CLK                              0.750000    1.853563   -1.103563 (VIOLATED)
_1325_/CLK                              0.750000    1.853562   -1.103562 (VIOLATED)
_1353_/CLK                              0.750000    1.853562   -1.103562 (VIOLATED)
_1222_/CLK                              0.750000    1.853561   -1.103561 (VIOLATED)
_1234_/CLK                              0.750000    1.853559   -1.103559 (VIOLATED)
_1244_/CLK                              0.750000    1.853559   -1.103559 (VIOLATED)
_1230_/CLK                              0.750000    1.853553   -1.103553 (VIOLATED)
_1200_/CLK                              0.750000    1.853552   -1.103552 (VIOLATED)
_1201_/CLK                              0.750000    1.853552   -1.103552 (VIOLATED)
_1229_/CLK                              0.750000    1.853543   -1.103543 (VIOLATED)
_1199_/CLK                              0.750000    1.853539   -1.103539 (VIOLATED)
_1228_/CLK                              0.750000    1.853537   -1.103537 (VIOLATED)
_1227_/CLK                              0.750000    1.853532   -1.103532 (VIOLATED)
_1226_/CLK                              0.750000    1.853530   -1.103530 (VIOLATED)
clk                                     0.750000    1.853520   -1.103520 (VIOLATED)
_0721_/S                                0.750000    0.915473   -0.165473 (VIOLATED)
_0737_/S                                0.750000    0.915473   -0.165473 (VIOLATED)
_0745_/A_N                              0.750000    0.915473   -0.165473 (VIOLATED)
_0738_/S                                0.750000    0.915472   -0.165472 (VIOLATED)
_0722_/S                                0.750000    0.915472   -0.165472 (VIOLATED)
_0692_/Y                                0.750000    0.915470   -0.165470 (VIOLATED)
_0693_/A_N                              0.750000    0.915470   -0.165470 (VIOLATED)
_0694_/S                                0.750000    0.915470   -0.165470 (VIOLATED)
_0746_/S                                0.750000    0.915470   -0.165470 (VIOLATED)
_0931_/A1                               0.750000    0.860932   -0.110932 (VIOLATED)
_0933_/B1                               0.750000    0.860932   -0.110932 (VIOLATED)
_0974_/A                                0.750000    0.860932   -0.110932 (VIOLATED)
_0938_/A1                               0.750000    0.860931   -0.110931 (VIOLATED)
_0940_/B1                               0.750000    0.860931   -0.110931 (VIOLATED)
_0809_/B                                0.750000    0.860930   -0.110930 (VIOLATED)
_0813_/B                                0.750000    0.860930   -0.110930 (VIOLATED)
_0862_/B2                               0.750000    0.860929   -0.110929 (VIOLATED)
_0905_/A2                               0.750000    0.860929   -0.110929 (VIOLATED)
_0861_/B1                               0.750000    0.860929   -0.110929 (VIOLATED)
_0770_/A                                0.750000    0.860929   -0.110929 (VIOLATED)
_0771_/A2                               0.750000    0.860929   -0.110929 (VIOLATED)
_0772_/B                                0.750000    0.860928   -0.110928 (VIOLATED)
_0805_/B                                0.750000    0.860928   -0.110928 (VIOLATED)
_0858_/B1                               0.750000    0.860928   -0.110928 (VIOLATED)
_0859_/B2                               0.750000    0.860928   -0.110928 (VIOLATED)
_0975_/A                                0.750000    0.860928   -0.110928 (VIOLATED)
_0651_/A                                0.750000    0.860928   -0.110928 (VIOLATED)
_0879_/A                                0.750000    0.860928   -0.110928 (VIOLATED)
_0880_/A2                               0.750000    0.860928   -0.110928 (VIOLATED)
_0650_/Y                                0.750000    0.860927   -0.110927 (VIOLATED)
_0829_/A                                0.750000    0.860927   -0.110927 (VIOLATED)
_0830_/A2                               0.750000    0.860927   -0.110927 (VIOLATED)

max fanout

Pin                                   Limit Fanout  Slack
---------------------------------------------------------
clk                                      10    166   -156 (VIOLATED)
rst                                      10    160   -150 (VIOLATED)
_0650_/Y                                 10     22    -12 (VIOLATED)
_0651_/Y                                 10     21    -11 (VIOLATED)
_1232_/Q                                 10     16     -6 (VIOLATED)
_1223_/Q                                 10     14     -4 (VIOLATED)
_1338_/Q                                 10     13     -3 (VIOLATED)
_1301_/Q                                 10     12     -2 (VIOLATED)
_1339_/Q                                 10     12     -2 (VIOLATED)
_1302_/Q                                 10     11        (VIOLATED)

max capacitance

Pin                                        Limit         Cap       Slack
------------------------------------------------------------------------
rst                                     0.200000    0.841493   -0.641493 (VIOLATED)
clk                                     0.200000    0.416225   -0.216225 (VIOLATED)



===========================================================================
report_parasitic_annotation -report_unannotated
============================================================================
Found 0 unannotated drivers.
Found 0 partially unannotated drivers.

===========================================================================
max slew violation count 360
Writing metric design__max_slew_violation__count__corner:nom_tt_025C_1v80: 360
max fanout violation count 10
Writing metric design__max_fanout_violation__count__corner:nom_tt_025C_1v80: 10
max cap violation count 2
Writing metric design__max_cap_violation__count__corner:nom_tt_025C_1v80: 2
============================================================================

===========================================================================
check_setup -verbose -unconstrained_endpoints -multiple_clock -no_clock -no_input_delay -loops -generated_clocks
===========================================================================
