Clock: clk
Sources: clk 
Generated: no
Virtual: no
Propagated: no
Period: 100.000000

===========================================================================
report_clock_properties
============================================================================
Clock                   Period          Waveform
----------------------------------------------------
clk                 100.000000    0.000000 50.000000

===========================================================================
report_clock_latency
============================================================================
Clock clk
rise -> rise
    min     max
0.000000 0.000000 source latency
1.472100         network latency _1189_/CLK
        1.472100 network latency _1189_/CLK
---------------
1.472100 1.472100 latency
        0.000000 skew

fall -> fall
    min     max
0.000000 0.000000 source latency
0.814360         network latency _1189_/CLK
        0.814360 network latency _1189_/CLK
---------------
0.814360 0.814360 latency
        0.000000 skew



===========================================================================
report_clock_min_period
============================================================================
clk period_min = 6.36 fmax = 157.16
