Clock: clk
Sources: clk 
Generated: no
Virtual: yes
Propagated: no
Period: 100.000000

===========================================================================
report_clock_properties
============================================================================
Clock                   Period          Waveform
----------------------------------------------------
clk                 100.000000    0.000000 50.000000

===========================================================================
report_clock_latency
============================================================================
Clock clk
rise -> rise
    min     max
0.000000 0.000000 source latency
0.432218         network latency _1327_/CLK
        0.441937 network latency _1290_/CLK
---------------
0.432218 0.441937 latency
        0.009719 skew

fall -> fall
    min     max
0.000000 0.000000 source latency
0.380073         network latency _1327_/CLK
        0.386880 network latency _1290_/CLK
---------------
0.380073 0.386880 latency
        0.006807 skew



===========================================================================
report_clock_min_period
============================================================================
clk period_min = 2.93 fmax = 341.25
