Reading OpenROAD database at '/mnt/d/backup_later/ET4340/prj/main_prj/main_prj/src/runs/RUN_2025-12-04_07-52-11/24-openroad-ioplacement/viterbi_decoder.odb'…
Reading library file at '/home/lroot/.volare/volare/sky130/versions/0fe599b2afb6708d281543108caf8310912f54af/sky130A/libs.ref/sky130_fd_sc_hd/lib/sky130_fd_sc_hd__tt_025C_1v80.lib'…
Reading design constraints file at '/nix/store/ss2cw3sxbrwwx9jl0rrppbw4kgcmgi2n-python3-3.11.9-env/lib/python3.11/site-packages/openlane/scripts/base.sdc'…
[INFO] Using clock clk…
[INFO] Setting output delay to: 20
[INFO] Setting input delay to: 20
[INFO] Setting load to: 0.033442
[INFO] Setting clock uncertainty to: 0.25
[INFO] Setting clock transition to: 0.1499999999999999944488848768742172978818416595458984375
[INFO] Setting timing derate to: 5%
[INFO] Setting RC values…
[INFO] Setting signal min routing layer to: met1 and clock min routing layer to met1. 
[INFO] Setting signal max routing layer to: met5 and clock max routing layer to met5. 
+ global_placement -density 0.521729 -timing_driven -routability_driven -pad_right 0 -pad_left 0 -init_wirelength_coef 0.25
[INFO GPL-0002] DBU: 1000
[INFO GPL-0003] SiteSize: (  0.460  2.720 ) um
[INFO GPL-0004] CoreBBox: (  5.520 10.880 ) ( 156.400 160.480 ) um
[INFO GPL-0006] NumInstances:              1184
[INFO GPL-0007] NumPlaceInstances:          761
[INFO GPL-0008] NumFixedInstances:          423
[INFO GPL-0009] NumDummyInstances:            0
[INFO GPL-0010] NumNets:                    780
[INFO GPL-0011] NumPins:                   2703
[INFO GPL-0012] DieBBox:  (  0.000  0.000 ) ( 162.100 172.820 ) um
[INFO GPL-0013] CoreBBox: (  5.520 10.880 ) ( 156.400 160.480 ) um
[INFO GPL-0016] CoreArea:             22571.648 um^2
[INFO GPL-0017] NonPlaceInstsArea:      804.522 um^2
[INFO GPL-0018] PlaceInstsArea:        9127.504 um^2
[INFO GPL-0019] Util:                    41.933 %
[INFO GPL-0020] StdInstsArea:          9127.504 um^2
[INFO GPL-0021] MacroInstsArea:           0.000 um^2
[InitialPlace]  Iter: 1 CG residual: 0.00003672 HPWL: 16807008
[InitialPlace]  Iter: 2 CG residual: 0.00034665 HPWL: 10804961
[InitialPlace]  Iter: 3 CG residual: 0.00015900 HPWL: 10521558
[InitialPlace]  Iter: 4 CG residual: 0.00016466 HPWL: 10398430
[InitialPlace]  Iter: 5 CG residual: 0.00008161 HPWL: 10278430
[InitialPlace]  Iter: 6 CG residual: 0.00001554 HPWL: 10214362
[InitialPlace]  Iter: 7 CG residual: 0.00003046 HPWL: 10167330
[InitialPlace]  Iter: 8 CG residual: 0.00002219 HPWL: 10161583
[InitialPlace]  Iter: 9 CG residual: 0.00004941 HPWL: 10136089
[InitialPlace]  Iter: 10 CG residual: 0.00001306 HPWL: 10132146
[InitialPlace]  Iter: 11 CG residual: 0.00001939 HPWL: 10122611
[InitialPlace]  Iter: 12 CG residual: 0.00000920 HPWL: 10118814
[INFO GPL-0031] FillerInit:NumGCells:       952
[INFO GPL-0032] FillerInit:NumGNets:        780
[INFO GPL-0033] FillerInit:NumGPins:       2703
[INFO GPL-0023] TargetDensity:            0.522
[INFO GPL-0024] AvrgPlaceInstArea:       11.994 um^2
[INFO GPL-0025] IdealBinArea:            22.989 um^2
[INFO GPL-0026] IdealBinCnt:                981
[INFO GPL-0027] TotalBinArea:         22571.648 um^2
[INFO GPL-0028] BinCnt:        16     16
[INFO GPL-0029] BinSize: (  9.430  9.350 )
[INFO GPL-0030] NumBins: 256
[NesterovSolve] Iter:    1 overflow: 0.851 HPWL: 3368240
[NesterovSolve] Iter:   10 overflow: 0.788 HPWL: 3524486
[INFO GPL-0100] Timing-driven: executing resizer for reweighting nets.
[INFO GPL-0101] Timing-driven: worst slack 7.79e-08
[INFO GPL-0103] Timing-driven: weighted 77 nets.
[NesterovSolve] Iter:   20 overflow: 0.767 HPWL: 3697435
[NesterovSolve] Iter:   30 overflow: 0.758 HPWL: 3701456
[NesterovSolve] Iter:   40 overflow: 0.751 HPWL: 3707681
[NesterovSolve] Iter:   50 overflow: 0.756 HPWL: 3699089
[NesterovSolve] Iter:   60 overflow: 0.758 HPWL: 3701805
[NesterovSolve] Iter:   70 overflow: 0.755 HPWL: 3705216
[NesterovSolve] Iter:   80 overflow: 0.747 HPWL: 3703077
[NesterovSolve] Iter:   90 overflow: 0.749 HPWL: 3700051
[NesterovSolve] Iter:  100 overflow: 0.751 HPWL: 3700113
[NesterovSolve] Iter:  110 overflow: 0.751 HPWL: 3704082
[NesterovSolve] Iter:  120 overflow: 0.749 HPWL: 3713455
[NesterovSolve] Iter:  130 overflow: 0.745 HPWL: 3730228
[NesterovSolve] Iter:  140 overflow: 0.741 HPWL: 3754030
[NesterovSolve] Iter:  150 overflow: 0.745 HPWL: 3786586
[NesterovSolve] Iter:  160 overflow: 0.745 HPWL: 3833756
[NesterovSolve] Iter:  170 overflow: 0.725 HPWL: 3896938
[NesterovSolve] Iter:  180 overflow: 0.727 HPWL: 4000928
[NesterovSolve] Iter:  190 overflow: 0.720 HPWL: 4231784
[NesterovSolve] Iter:  200 overflow: 0.691 HPWL: 4532441
[NesterovSolve] Iter:  210 overflow: 0.659 HPWL: 5226794
[INFO GPL-0100] Timing-driven: executing resizer for reweighting nets.
[INFO GPL-0101] Timing-driven: worst slack 7.78e-08
[INFO GPL-0103] Timing-driven: weighted 77 nets.
[NesterovSolve] Iter:  220 overflow: 0.615 HPWL: 5945113
[NesterovSolve] Snapshot saved at iter = 225
[NesterovSolve] Iter:  230 overflow: 0.590 HPWL: 6273382
[NesterovSolve] Iter:  240 overflow: 0.556 HPWL: 6690993
[NesterovSolve] Iter:  250 overflow: 0.503 HPWL: 7339118
[INFO GPL-0100] Timing-driven: executing resizer for reweighting nets.
[INFO GPL-0101] Timing-driven: worst slack 7.78e-08
[INFO GPL-0103] Timing-driven: weighted 77 nets.
[NesterovSolve] Iter:  260 overflow: 0.466 HPWL: 7707649
[NesterovSolve] Iter:  270 overflow: 0.420 HPWL: 8258859
[NesterovSolve] Iter:  280 overflow: 0.369 HPWL: 8663892
[NesterovSolve] Iter:  290 overflow: 0.331 HPWL: 8984308
[INFO GPL-0075] Routability numCall: 1 inflationIterCnt: 1 bloatIterCnt: 0
[INFO GPL-0036] TileBBox: (    0    0 ) ( 6900 6900 ) DBU
[INFO GPL-0038] TileCnt:      23   25
[INFO GPL-0040] NumTiles: 575
[INFO GPL-0081] TotalRouteOverflow: 0
[INFO GPL-0082] OverflowTileCnt: 0
[INFO GPL-0083] 0.5%RC: 0.7669102748235067
[INFO GPL-0084] 1.0%RC: 0.7551116347312927
[INFO GPL-0085] 2.0%RC: 0.7421458065509796
[INFO GPL-0086] 5.0%RC: 0.7102781061468453
[INFO GPL-0087] FinalRC: 0.76101094
[INFO GPL-0077] FinalRC lower than targetRC(1.01), routability not needed.
[NesterovSolve] Iter:  300 overflow: 0.284 HPWL: 9079677
[INFO GPL-0100] Timing-driven: executing resizer for reweighting nets.
[INFO GPL-0101] Timing-driven: worst slack 7.77e-08
[INFO GPL-0103] Timing-driven: weighted 77 nets.
[NesterovSolve] Iter:  310 overflow: 0.254 HPWL: 9134504
[NesterovSolve] Iter:  320 overflow: 0.220 HPWL: 9230573
[INFO GPL-0100] Timing-driven: executing resizer for reweighting nets.
[INFO GPL-0101] Timing-driven: worst slack 7.77e-08
[INFO GPL-0103] Timing-driven: weighted 77 nets.
[NesterovSolve] Iter:  330 overflow: 0.186 HPWL: 9310112
[NesterovSolve] Iter:  340 overflow: 0.159 HPWL: 9407672
[INFO GPL-0100] Timing-driven: executing resizer for reweighting nets.
[INFO GPL-0101] Timing-driven: worst slack 7.77e-08
[INFO GPL-0103] Timing-driven: weighted 77 nets.
[NesterovSolve] Iter:  350 overflow: 0.132 HPWL: 9472044
[NesterovSolve] Iter:  360 overflow: 0.107 HPWL: 9545933
[NesterovSolve] Finished with Overflow: 0.099720
[INFO] Setting RC values…
Setting global connections for newly added cells…
[INFO] Setting global connections...
Updating metrics…
Cell type report:                       Count       Area
  Fill cell                               110     412.90
  Tap cell                                313     391.63
  Inverter                                165     619.34
  Sequential cell                         166    4321.64
  Multi-Input combinational cell          430    4186.52
  Total                                  1184    9932.03
Writing OpenROAD database to '/mnt/d/backup_later/ET4340/prj/main_prj/main_prj/src/runs/RUN_2025-12-04_07-52-11/27-openroad-globalplacement/viterbi_decoder.odb'…
Writing netlist to '/mnt/d/backup_later/ET4340/prj/main_prj/main_prj/src/runs/RUN_2025-12-04_07-52-11/27-openroad-globalplacement/viterbi_decoder.nl.v'…
Writing powered netlist to '/mnt/d/backup_later/ET4340/prj/main_prj/main_prj/src/runs/RUN_2025-12-04_07-52-11/27-openroad-globalplacement/viterbi_decoder.pnl.v'…
Writing layout to '/mnt/d/backup_later/ET4340/prj/main_prj/main_prj/src/runs/RUN_2025-12-04_07-52-11/27-openroad-globalplacement/viterbi_decoder.def'…
Writing timing constraints to '/mnt/d/backup_later/ET4340/prj/main_prj/main_prj/src/runs/RUN_2025-12-04_07-52-11/27-openroad-globalplacement/viterbi_decoder.sdc'…
