
===========================================================================
report_checks -unconstrained
===========================================================================
======================= nom_ss_100C_1v60 Corner ===================================

Startpoint: rst (input port clocked by clk)
Endpoint: _1195_ (recovery check against rising-edge clock clk)
Path Group: asynchronous
Path Type: max

Fanout         Cap        Slew       Delay        Time   Description
---------------------------------------------------------------------------------------------
                                  0.000000    0.000000   clock clk (rise edge)
                                  0.000000    0.000000   clock network delay (propagated)
                                 20.000000   20.000000 v input external delay
     1    0.002820    0.018536    0.009299   20.009300 v rst (in)
                                                         rst (net)
                      0.018536    0.000000   20.009300 v input18/A (sky130_fd_sc_hd__clkbuf_2)
     4    0.036741    0.257662    0.324008   20.333307 v input18/X (sky130_fd_sc_hd__clkbuf_2)
                                                         net18 (net)
                      0.257665    0.001281   20.334587 v fanout53/A (sky130_fd_sc_hd__buf_2)
     5    0.038473    0.183459    0.446523   20.781111 v fanout53/X (sky130_fd_sc_hd__buf_2)
                                                         net53 (net)
                      0.183459    0.000691   20.781801 v fanout52/A (sky130_fd_sc_hd__buf_4)
    10    0.061375    0.156438    0.403077   21.184879 v fanout52/X (sky130_fd_sc_hd__buf_4)
                                                         net52 (net)
                      0.156438    0.000602   21.185480 v fanout51/A (sky130_fd_sc_hd__clkbuf_4)
     9    0.051361    0.193382    0.408452   21.593933 v fanout51/X (sky130_fd_sc_hd__clkbuf_4)
                                                         net51 (net)
                      0.193406    0.002206   21.596138 v fanout50/A (sky130_fd_sc_hd__buf_4)
    10    0.052747    0.139197    0.394437   21.990576 v fanout50/X (sky130_fd_sc_hd__buf_4)
                                                         net50 (net)
                      0.139207    0.001295   21.991871 v _1037_/A (sky130_fd_sc_hd__inv_2)
     1    0.003644    0.053118    0.096957   22.088827 ^ _1037_/Y (sky130_fd_sc_hd__inv_2)
                                                         _0077_ (net)
                      0.053118    0.000071   22.088898 ^ _1195_/RESET_B (sky130_fd_sc_hd__dfrtp_2)
                                             22.088898   data arrival time

                                100.000000  100.000000   clock clk (rise edge)
                                  0.000000  100.000000   clock source latency
     1    0.027133    0.200062    0.138584  100.138580 ^ clk (in)
                                                         clk (net)
                      0.200129    0.000000  100.138580 ^ clkbuf_0_clk/A (sky130_fd_sc_hd__clkbuf_16)
    16    0.109779    0.189707    0.384148  100.522728 ^ clkbuf_0_clk/X (sky130_fd_sc_hd__clkbuf_16)
                                                         clknet_0_clk (net)
                      0.189792    0.003752  100.526482 ^ clkbuf_4_5_0_clk/A (sky130_fd_sc_hd__clkbuf_8)
     8    0.040895    0.132039    0.334232  100.860710 ^ clkbuf_4_5_0_clk/X (sky130_fd_sc_hd__clkbuf_8)
                                                         clknet_4_5_0_clk (net)
                      0.132043    0.000959  100.861671 ^ _1195_/CLK (sky130_fd_sc_hd__dfrtp_2)
                                 -0.250000  100.611671   clock uncertainty
                                  0.000000  100.611671   clock reconvergence pessimism
                                  0.472467  101.084145   library recovery time
                                            101.084145   data required time
---------------------------------------------------------------------------------------------
                                            101.084145   data required time
                                            -22.088898   data arrival time
---------------------------------------------------------------------------------------------
                                             78.995247   slack (MET)


Startpoint: rst (input port clocked by clk)
Endpoint: _1312_ (rising edge-triggered flip-flop clocked by clk)
Path Group: clk
Path Type: max

Fanout         Cap        Slew       Delay        Time   Description
---------------------------------------------------------------------------------------------
                                  0.000000    0.000000   clock clk (rise edge)
                                  0.000000    0.000000   clock network delay (propagated)
                                 20.000000   20.000000 v input external delay
     1    0.002820    0.018536    0.009299   20.009300 v rst (in)
                                                         rst (net)
                      0.018536    0.000000   20.009300 v input18/A (sky130_fd_sc_hd__clkbuf_2)
     4    0.036741    0.257662    0.324008   20.333307 v input18/X (sky130_fd_sc_hd__clkbuf_2)
                                                         net18 (net)
                      0.257688    0.002656   20.335962 v fanout58/A (sky130_fd_sc_hd__clkbuf_4)
     9    0.057142    0.212368    0.469640   20.805603 v fanout58/X (sky130_fd_sc_hd__clkbuf_4)
                                                         net58 (net)
                      0.212410    0.002979   20.808582 v fanout56/A (sky130_fd_sc_hd__buf_4)
    10    0.055042    0.143809    0.407240   21.215822 v fanout56/X (sky130_fd_sc_hd__buf_4)
                                                         net56 (net)
                      0.143810    0.000666   21.216488 v _0979_/A (sky130_fd_sc_hd__or2_2)
     6    0.028688    0.227730    0.858375   22.074863 v _0979_/X (sky130_fd_sc_hd__or2_2)
                                                         _0549_ (net)
                      0.227735    0.001474   22.076338 v _0990_/A (sky130_fd_sc_hd__or3_1)
     1    0.009282    0.202525    0.996055   23.072393 v _0990_/X (sky130_fd_sc_hd__or3_1)
                                                         _0560_ (net)
                      0.202525    0.000528   23.072920 v _0991_/B1 (sky130_fd_sc_hd__o21a_1)
     1    0.002969    0.066459    0.252847   23.325768 v _0991_/X (sky130_fd_sc_hd__o21a_1)
                                                         _0194_ (net)
                      0.066459    0.000089   23.325855 v _1312_/D (sky130_fd_sc_hd__dfxtp_1)
                                             23.325855   data arrival time

                                100.000000  100.000000   clock clk (rise edge)
                                  0.000000  100.000000   clock source latency
     1    0.027133    0.200062    0.138584  100.138580 ^ clk (in)
                                                         clk (net)
                      0.200129    0.000000  100.138580 ^ clkbuf_0_clk/A (sky130_fd_sc_hd__clkbuf_16)
    16    0.109779    0.189707    0.384148  100.522728 ^ clkbuf_0_clk/X (sky130_fd_sc_hd__clkbuf_16)
                                                         clknet_0_clk (net)
                      0.189814    0.004150  100.526878 ^ clkbuf_4_10_0_clk/A (sky130_fd_sc_hd__clkbuf_8)
    14    0.049301    0.152102    0.348884  100.875763 ^ clkbuf_4_10_0_clk/X (sky130_fd_sc_hd__clkbuf_8)
                                                         clknet_4_10_0_clk (net)
                      0.152161    0.002821  100.878586 ^ _1312_/CLK (sky130_fd_sc_hd__dfxtp_1)
                                 -0.250000  100.628586   clock uncertainty
                                  0.000000  100.628586   clock reconvergence pessimism
                                 -0.245379  100.383209   library setup time
                                            100.383209   data required time
---------------------------------------------------------------------------------------------
                                            100.383209   data required time
                                            -23.325855   data arrival time
---------------------------------------------------------------------------------------------
                                             77.057350   slack (MET)




===========================================================================
report_checks --slack_max -0.01
============================================================================
======================= nom_ss_100C_1v60 Corner ===================================

No paths found.


===========================================================================
 report_check_types -max_slew -max_cap -max_fanout -violators
============================================================================
======================= nom_ss_100C_1v60 Corner ===================================

max slew

Pin                                        Limit        Slew       Slack
------------------------------------------------------------------------
_0692_/Y                                0.750000    1.177288   -0.427288 (VIOLATED)
_0693_/A_N                              0.750000    1.177288   -0.427288 (VIOLATED)
_0694_/S                                0.750000    1.177288   -0.427288 (VIOLATED)
max_cap30/A                             0.750000    1.177288   -0.427288 (VIOLATED)

max fanout

Pin                                   Limit Fanout  Slack
---------------------------------------------------------
clkbuf_0_clk/X                           10     16     -6 (VIOLATED)
clkbuf_4_15_0_clk/X                      10     16     -6 (VIOLATED)
clkbuf_4_11_0_clk/X                      10     15     -5 (VIOLATED)
clkbuf_4_10_0_clk/X                      10     14     -4 (VIOLATED)
clkbuf_4_13_0_clk/X                      10     14     -4 (VIOLATED)
clkbuf_4_8_0_clk/X                       10     14     -4 (VIOLATED)
clkbuf_4_14_0_clk/X                      10     13     -3 (VIOLATED)
clkbuf_4_3_0_clk/X                       10     12     -2 (VIOLATED)
clkbuf_4_2_0_clk/X                       10     11        (VIOLATED)



===========================================================================
report_parasitic_annotation -report_unannotated
============================================================================
Found 15 unannotated drivers.
 clkload0/Y
 clkload1/Y
 clkload10/Y
 clkload11/X
 clkload12/Y
 clkload13/Y
 clkload14/Y
 clkload2/Y
 clkload3/Y
 clkload4/Y
 clkload5/Y
 clkload6/Y
 clkload7/Y
 clkload8/Y
 clkload9/Y
Found 0 partially unannotated drivers.

===========================================================================
max slew violation count 4
max fanout violation count 9
max cap violation count 0
============================================================================

===========================================================================
check_setup -verbose -unconstrained_endpoints -multiple_clock -no_clock -no_input_delay -loops -generated_clocks
===========================================================================
