Clock: clk
Sources: clk 
Generated: no
Virtual: yes
Propagated: no
Period: 100.000000

===========================================================================
report_clock_properties
============================================================================
Clock                   Period          Waveform
----------------------------------------------------
clk                 100.000000    0.000000 50.000000

===========================================================================
report_clock_latency
============================================================================
Clock clk
rise -> rise
    min     max
0.000000 0.000000 source latency
0.854249         network latency _1327_/CLK
        0.879080 network latency _1352_/CLK
---------------
0.854249 0.879080 latency
        0.024831 skew

fall -> fall
    min     max
0.000000 0.000000 source latency
0.751644         network latency _1327_/CLK
        0.769820 network latency _1352_/CLK
---------------
0.751644 0.769820 latency
        0.018176 skew



===========================================================================
report_clock_min_period
============================================================================
clk period_min = 6.00 fmax = 166.56
