EDA Netlist Writer report for viterbi_decoder
Wed Nov 26 18:59:21 2025
Quartus Prime Version 24.1std.0 Build 1077 03/04/2025 SC Lite Edition


---------------------
; Table of Contents ;
---------------------
  1. Legal Notice
  2. EDA Netlist Writer Summary
  3. Simulation Settings
  4. Simulation Generated Files
  5. Board-Level Settings
  6. Board-Level Generated Files
  7. EDA Netlist Writer Messages



----------------
; Legal Notice ;
----------------
Copyright (C) 2025  Altera Corporation. All rights reserved.
Your use of Altera Corporation's design tools, logic functions 
and other software and tools, and any partner logic 
functions, and any output files from any of the foregoing 
(including device programming or simulation files), and any 
associated documentation or information are expressly subject 
to the terms and conditions of the Altera Program License 
Subscription Agreement, the Altera Quartus Prime License Agreement,
the Altera IP License Agreement, or other applicable license
agreement, including, without limitation, that your use is for
the sole purpose of programming logic devices manufactured by
Altera and sold by Altera or its authorized distributors.  Please
refer to the Altera Software License Subscription Agreements 
on the Quartus Prime software download page.



+------------------------------------------------------------------------------+
; EDA Netlist Writer Summary                                                   ;
+--------------------------------------+---------------------------------------+
; EDA Netlist Writer Status            ; Successful - Wed Nov 26 18:59:21 2025 ;
; Revision Name                        ; viterbi_decoder                       ;
; Top-level Entity Name                ; viterbi_decoder                       ;
; Family                               ; Cyclone IV E                          ;
; Simulation Files Creation            ; Successful                            ;
; Board Timing Analysis Files Creation ; Successful                            ;
+--------------------------------------+---------------------------------------+


+-------------------------------------------------------------------------------------------------------------------------+
; Simulation Settings                                                                                                     ;
+---------------------------------------------------------------------------------------------------+---------------------+
; Option                                                                                            ; Setting             ;
+---------------------------------------------------------------------------------------------------+---------------------+
; Tool Name                                                                                         ; QuestaSim (Verilog) ;
; Generate functional simulation netlist                                                            ; On                  ;
; Truncate long hierarchy paths                                                                     ; Off                 ;
; Map illegal HDL characters                                                                        ; Off                 ;
; Flatten buses into individual nodes                                                               ; Off                 ;
; Maintain hierarchy                                                                                ; Off                 ;
; Bring out device-wide set/reset signals as ports                                                  ; Off                 ;
; Enable glitch filtering                                                                           ; Off                 ;
; Do not write top level VHDL entity                                                                ; Off                 ;
; Disable detection of setup and hold time violations in the input registers of bi-directional pins ; Off                 ;
; Architecture name in VHDL output netlist                                                          ; structure           ;
; Generate third-party EDA tool command script for RTL functional simulation                        ; Off                 ;
; Generate third-party EDA tool command script for gate-level simulation                            ; Off                 ;
+---------------------------------------------------------------------------------------------------+---------------------+


+---------------------------------------------------------------------------------------+
; Simulation Generated Files                                                            ;
+---------------------------------------------------------------------------------------+
; Generated Files                                                                       ;
+---------------------------------------------------------------------------------------+
; D:/backup_later/ET4340/prj/main_prj/main_prj/src/simulation/questa/viterbi_decoder.vo ;
+---------------------------------------------------------------------------------------+


+----------------------------------------+
; Board-Level Settings                   ;
+------------------------------+---------+
; Option                       ; Setting ;
+------------------------------+---------+
; Board Timing Analysis Format ; STAMP   ;
+------------------------------+---------+


+--------------------------------------------------------------------------------------------------------------------------------------------------------------------------------+
; Board-Level Generated Files                                                                                                                                                    ;
+--------------------------------------------------------------------------------------------------------------------------------------------------------------------------------+
; Generated Files                                                                                                                                                                ;
+--------------------------------------------------------------------------------------------------------------------------------------------------------------------------------+
; Board Timing Analysis                                                                                                                                                          ;
;     D:/backup_later/ET4340/prj/main_prj/main_prj/src/timing/stamp/D:/backup_later/ET4340/prj/main_prj/main_prj/src/timing/stamp//viterbi_decoder_7_1200mv_85c_board_slow.mod   ;
;     D:/backup_later/ET4340/prj/main_prj/main_prj/src/timing/stamp/D:/backup_later/ET4340/prj/main_prj/main_prj/src/timing/stamp//viterbi_decoder_7_1200mv_85c_board_slow.data  ;
;     D:/backup_later/ET4340/prj/main_prj/main_prj/src/timing/stamp/D:/backup_later/ET4340/prj/main_prj/main_prj/src/timing/stamp//viterbi_decoder_7_1200mv_0c_board_slow.mod    ;
;     D:/backup_later/ET4340/prj/main_prj/main_prj/src/timing/stamp/D:/backup_later/ET4340/prj/main_prj/main_prj/src/timing/stamp//viterbi_decoder_7_1200mv_0c_board_slow.data   ;
;     D:/backup_later/ET4340/prj/main_prj/main_prj/src/timing/stamp/D:/backup_later/ET4340/prj/main_prj/main_prj/src/timing/stamp//viterbi_decoder_min_1200mv_0c_board_fast.mod  ;
;     D:/backup_later/ET4340/prj/main_prj/main_prj/src/timing/stamp/D:/backup_later/ET4340/prj/main_prj/main_prj/src/timing/stamp//viterbi_decoder_min_1200mv_0c_board_fast.data ;
;     D:/backup_later/ET4340/prj/main_prj/main_prj/src/timing/stamp/D:/backup_later/ET4340/prj/main_prj/main_prj/src/timing/stamp//viterbi_decoder_board.mod                     ;
;     D:/backup_later/ET4340/prj/main_prj/main_prj/src/timing/stamp/D:/backup_later/ET4340/prj/main_prj/main_prj/src/timing/stamp//viterbi_decoder_board.data                    ;
+--------------------------------------------------------------------------------------------------------------------------------------------------------------------------------+


+-----------------------------+
; EDA Netlist Writer Messages ;
+-----------------------------+
Info: *******************************************************************
Info: Running Quartus Prime EDA Netlist Writer
    Info: Version 24.1std.0 Build 1077 03/04/2025 SC Lite Edition
    Info: Processing started: Wed Nov 26 18:59:20 2025
Info: Command: quartus_eda --read_settings_files=off --write_settings_files=off viterbi_decoder -c viterbi_decoder
Warning (18236): Number of processors has not been specified which may cause overloading on shared machines.  Set the global assignment NUM_PARALLEL_PROCESSORS in your QSF to an appropriate value for best performance.
Info (204019): Generated file viterbi_decoder.vo in folder "D:/backup_later/ET4340/prj/main_prj/main_prj/src/simulation/questa/" for EDA simulation tool
Info (199047): Generated files "D:/backup_later/ET4340/prj/main_prj/main_prj/src/timing/stamp//viterbi_decoder_7_1200mv_85c_board_slow.mod" and "D:/backup_later/ET4340/prj/main_prj/main_prj/src/timing/stamp//viterbi_decoder_7_1200mv_85c_board_slow.data"
Info (199047): Generated files "D:/backup_later/ET4340/prj/main_prj/main_prj/src/timing/stamp//viterbi_decoder_7_1200mv_0c_board_slow.mod" and "D:/backup_later/ET4340/prj/main_prj/main_prj/src/timing/stamp//viterbi_decoder_7_1200mv_0c_board_slow.data"
Info (199047): Generated files "D:/backup_later/ET4340/prj/main_prj/main_prj/src/timing/stamp//viterbi_decoder_min_1200mv_0c_board_fast.mod" and "D:/backup_later/ET4340/prj/main_prj/main_prj/src/timing/stamp//viterbi_decoder_min_1200mv_0c_board_fast.data"
Info (199047): Generated files "D:/backup_later/ET4340/prj/main_prj/main_prj/src/timing/stamp//viterbi_decoder_board.mod" and "D:/backup_later/ET4340/prj/main_prj/main_prj/src/timing/stamp//viterbi_decoder_board.data"
Info: Quartus Prime EDA Netlist Writer was successful. 0 errors, 1 warning
    Info: Peak virtual memory: 4693 megabytes
    Info: Processing ended: Wed Nov 26 18:59:21 2025
    Info: Elapsed time: 00:00:01
    Info: Total CPU time (on all processors): 00:00:01


