Analysis & Synthesis report for viterbi_decoder
Wed Nov 26 18:58:48 2025
Quartus Prime Version 24.1std.0 Build 1077 03/04/2025 SC Lite Edition


---------------------
; Table of Contents ;
---------------------
  1. Legal Notice
  2. Analysis & Synthesis Summary
  3. Analysis & Synthesis Settings
  4. Parallel Compilation
  5. Analysis & Synthesis Source Files Read
  6. Analysis & Synthesis Resource Usage Summary
  7. Analysis & Synthesis Resource Utilization by Entity
  8. State Machine - |viterbi_decoder|tbck_dec:tbck1|select_node
  9. State Machine - |viterbi_decoder|ctrl:c1|state
 10. Registers Removed During Synthesis
 11. Removed Registers Triggering Further Register Optimizations
 12. General Register Statistics
 13. Inverted Register Statistics
 14. Multiplexer Restructuring Statistics (Restructuring Performed)
 15. Post-Synthesis Netlist Statistics for Top Partition
 16. Elapsed Time Per Partition
 17. Analysis & Synthesis Messages



----------------
; Legal Notice ;
----------------
Copyright (C) 2025  Altera Corporation. All rights reserved.
Your use of Altera Corporation's design tools, logic functions 
and other software and tools, and any partner logic 
functions, and any output files from any of the foregoing 
(including device programming or simulation files), and any 
associated documentation or information are expressly subject 
to the terms and conditions of the Altera Program License 
Subscription Agreement, the Altera Quartus Prime License Agreement,
the Altera IP License Agreement, or other applicable license
agreement, including, without limitation, that your use is for
the sole purpose of programming logic devices manufactured by
Altera and sold by Altera or its authorized distributors.  Please
refer to the Altera Software License Subscription Agreements 
on the Quartus Prime software download page.



+--------------------------------------------------------------------------------------+
; Analysis & Synthesis Summary                                                         ;
+------------------------------------+-------------------------------------------------+
; Analysis & Synthesis Status        ; Successful - Wed Nov 26 18:58:48 2025           ;
; Quartus Prime Version              ; 24.1std.0 Build 1077 03/04/2025 SC Lite Edition ;
; Revision Name                      ; viterbi_decoder                                 ;
; Top-level Entity Name              ; viterbi_decoder                                 ;
; Family                             ; Cyclone IV E                                    ;
; Total logic elements               ; 248                                             ;
;     Total combinational functions  ; 181                                             ;
;     Dedicated logic registers      ; 139                                             ;
; Total registers                    ; 139                                             ;
; Total pins                         ; 28                                              ;
; Total virtual pins                 ; 0                                               ;
; Total memory bits                  ; 0                                               ;
; Embedded Multiplier 9-bit elements ; 0                                               ;
; Total PLLs                         ; 0                                               ;
+------------------------------------+-------------------------------------------------+


+------------------------------------------------------------------------------------------------------------+
; Analysis & Synthesis Settings                                                                              ;
+------------------------------------------------------------------+--------------------+--------------------+
; Option                                                           ; Setting            ; Default Value      ;
+------------------------------------------------------------------+--------------------+--------------------+
; Device                                                           ; EP4CE115F29C7      ;                    ;
; Top-level entity name                                            ; viterbi_decoder    ; viterbi_decoder    ;
; Family name                                                      ; Cyclone IV E       ; Cyclone V          ;
; Use smart compilation                                            ; Off                ; Off                ;
; Enable parallel Assembler and Timing Analyzer during compilation ; On                 ; On                 ;
; Enable compact report table                                      ; Off                ; Off                ;
; Restructure Multiplexers                                         ; Auto               ; Auto               ;
; Create Debugging Nodes for IP Cores                              ; Off                ; Off                ;
; Preserve fewer node names                                        ; On                 ; On                 ;
; Intel FPGA IP Evaluation Mode                                    ; Enable             ; Enable             ;
; Verilog Version                                                  ; Verilog_2001       ; Verilog_2001       ;
; VHDL Version                                                     ; VHDL_1993          ; VHDL_1993          ;
; State Machine Processing                                         ; Auto               ; Auto               ;
; Safe State Machine                                               ; Off                ; Off                ;
; Extract Verilog State Machines                                   ; On                 ; On                 ;
; Extract VHDL State Machines                                      ; On                 ; On                 ;
; Ignore Verilog initial constructs                                ; Off                ; Off                ;
; Iteration limit for constant Verilog loops                       ; 5000               ; 5000               ;
; Iteration limit for non-constant Verilog loops                   ; 250                ; 250                ;
; Add Pass-Through Logic to Inferred RAMs                          ; On                 ; On                 ;
; Infer RAMs from Raw Logic                                        ; On                 ; On                 ;
; Parallel Synthesis                                               ; On                 ; On                 ;
; DSP Block Balancing                                              ; Auto               ; Auto               ;
; NOT Gate Push-Back                                               ; On                 ; On                 ;
; Power-Up Don't Care                                              ; On                 ; On                 ;
; Remove Redundant Logic Cells                                     ; Off                ; Off                ;
; Remove Duplicate Registers                                       ; On                 ; On                 ;
; Ignore CARRY Buffers                                             ; Off                ; Off                ;
; Ignore CASCADE Buffers                                           ; Off                ; Off                ;
; Ignore GLOBAL Buffers                                            ; Off                ; Off                ;
; Ignore ROW GLOBAL Buffers                                        ; Off                ; Off                ;
; Ignore LCELL Buffers                                             ; Off                ; Off                ;
; Ignore SOFT Buffers                                              ; On                 ; On                 ;
; Limit AHDL Integers to 32 Bits                                   ; Off                ; Off                ;
; Optimization Technique                                           ; Balanced           ; Balanced           ;
; Carry Chain Length                                               ; 70                 ; 70                 ;
; Auto Carry Chains                                                ; On                 ; On                 ;
; Auto Open-Drain Pins                                             ; On                 ; On                 ;
; Perform WYSIWYG Primitive Resynthesis                            ; Off                ; Off                ;
; Auto ROM Replacement                                             ; On                 ; On                 ;
; Auto RAM Replacement                                             ; On                 ; On                 ;
; Auto DSP Block Replacement                                       ; On                 ; On                 ;
; Auto Shift Register Replacement                                  ; Auto               ; Auto               ;
; Allow Shift Register Merging across Hierarchies                  ; Auto               ; Auto               ;
; Auto Clock Enable Replacement                                    ; On                 ; On                 ;
; Strict RAM Replacement                                           ; Off                ; Off                ;
; Allow Synchronous Control Signals                                ; On                 ; On                 ;
; Force Use of Synchronous Clear Signals                           ; Off                ; Off                ;
; Auto RAM Block Balancing                                         ; On                 ; On                 ;
; Auto RAM to Logic Cell Conversion                                ; Off                ; Off                ;
; Auto Resource Sharing                                            ; Off                ; Off                ;
; Allow Any RAM Size For Recognition                               ; Off                ; Off                ;
; Allow Any ROM Size For Recognition                               ; Off                ; Off                ;
; Allow Any Shift Register Size For Recognition                    ; Off                ; Off                ;
; Use LogicLock Constraints during Resource Balancing              ; On                 ; On                 ;
; Ignore translate_off and synthesis_off directives                ; Off                ; Off                ;
; Timing-Driven Synthesis                                          ; On                 ; On                 ;
; Report Parameter Settings                                        ; On                 ; On                 ;
; Report Source Assignments                                        ; On                 ; On                 ;
; Report Connectivity Checks                                       ; On                 ; On                 ;
; Ignore Maximum Fan-Out Assignments                               ; Off                ; Off                ;
; Synchronization Register Chain Length                            ; 2                  ; 2                  ;
; Power Optimization During Synthesis                              ; Normal compilation ; Normal compilation ;
; HDL message level                                                ; Level2             ; Level2             ;
; Suppress Register Optimization Related Messages                  ; Off                ; Off                ;
; Number of Removed Registers Reported in Synthesis Report         ; 5000               ; 5000               ;
; Number of Swept Nodes Reported in Synthesis Report               ; 5000               ; 5000               ;
; Number of Inverted Registers Reported in Synthesis Report        ; 100                ; 100                ;
; Clock MUX Protection                                             ; On                 ; On                 ;
; Auto Gated Clock Conversion                                      ; Off                ; Off                ;
; Block Design Naming                                              ; Auto               ; Auto               ;
; SDC constraint protection                                        ; Off                ; Off                ;
; Synthesis Effort                                                 ; Auto               ; Auto               ;
; Shift Register Replacement - Allow Asynchronous Clear Signal     ; On                 ; On                 ;
; Pre-Mapping Resynthesis Optimization                             ; Off                ; Off                ;
; Analysis & Synthesis Message Level                               ; Medium             ; Medium             ;
; Disable Register Merging Across Hierarchies                      ; Auto               ; Auto               ;
; Resource Aware Inference For Block RAM                           ; On                 ; On                 ;
+------------------------------------------------------------------+--------------------+--------------------+


+------------------------------------------+
; Parallel Compilation                     ;
+----------------------------+-------------+
; Processors                 ; Number      ;
+----------------------------+-------------+
; Number detected on machine ; 16          ;
; Maximum allowed            ; 12          ;
;                            ;             ;
; Average used               ; 1.00        ;
; Maximum used               ; 12          ;
;                            ;             ;
; Usage by Processor         ; % Time Used ;
;     Processor 1            ; 100.0%      ;
;     Processors 2-12        ;   0.0%      ;
+----------------------------+-------------+


+------------------------------------------------------------------------------------------------------------------------------------------------------------+
; Analysis & Synthesis Source Files Read                                                                                                                     ;
+----------------------------------+-----------------+------------------------+--------------------------------------------------------------------+---------+
; File Name with User-Entered Path ; Used in Netlist ; File Type              ; File Name with Absolute Path                                       ; Library ;
+----------------------------------+-----------------+------------------------+--------------------------------------------------------------------+---------+
; viterbi_decoder.v                ; yes             ; User Verilog HDL File  ; D:/backup_later/ET4340/prj/main_prj/main_prj/src/viterbi_decoder.v ;         ;
; tbck_dec.v                       ; yes             ; User Verilog HDL File  ; D:/backup_later/ET4340/prj/main_prj/main_prj/src/tbck_dec.v        ;         ;
; mem.v                            ; yes             ; User Verilog HDL File  ; D:/backup_later/ET4340/prj/main_prj/main_prj/src/mem.v             ;         ;
; ham_d.v                          ; yes             ; User Verilog HDL File  ; D:/backup_later/ET4340/prj/main_prj/main_prj/src/ham_d.v           ;         ;
; ctrl.v                           ; yes             ; User Verilog HDL File  ; D:/backup_later/ET4340/prj/main_prj/main_prj/src/ctrl.v            ;         ;
; add_comp.v                       ; yes             ; User Verilog HDL File  ; D:/backup_later/ET4340/prj/main_prj/main_prj/src/add_comp.v        ;         ;
+----------------------------------+-----------------+------------------------+--------------------------------------------------------------------+---------+


+---------------------------------------------------------+
; Analysis & Synthesis Resource Usage Summary             ;
+---------------------------------------------+-----------+
; Resource                                    ; Usage     ;
+---------------------------------------------+-----------+
; Estimated Total logic elements              ; 248       ;
;                                             ;           ;
; Total combinational functions               ; 181       ;
; Logic element usage by number of LUT inputs ;           ;
;     -- 4 input functions                    ; 111       ;
;     -- 3 input functions                    ; 31        ;
;     -- <=2 input functions                  ; 39        ;
;                                             ;           ;
; Logic elements by mode                      ;           ;
;     -- normal mode                          ; 149       ;
;     -- arithmetic mode                      ; 32        ;
;                                             ;           ;
; Total registers                             ; 139       ;
;     -- Dedicated logic registers            ; 139       ;
;     -- I/O registers                        ; 0         ;
;                                             ;           ;
; I/O pins                                    ; 28        ;
;                                             ;           ;
; Embedded Multiplier 9-bit elements          ; 0         ;
;                                             ;           ;
; Maximum fan-out node                        ; clk~input ;
; Maximum fan-out                             ; 139       ;
; Total fan-out                               ; 1142      ;
; Average fan-out                             ; 3.04      ;
+---------------------------------------------+-----------+


+--------------------------------------------------------------------------------------------------------------------------------------------------------------------------------------------------------------------------+
; Analysis & Synthesis Resource Utilization by Entity                                                                                                                                                                      ;
+----------------------------+---------------------+---------------------------+-------------+--------------+---------+-----------+------+--------------+---------------------------------+-----------------+--------------+
; Compilation Hierarchy Node ; Combinational ALUTs ; Dedicated Logic Registers ; Memory Bits ; DSP Elements ; DSP 9x9 ; DSP 18x18 ; Pins ; Virtual Pins ; Full Hierarchy Name             ; Entity Name     ; Library Name ;
+----------------------------+---------------------+---------------------------+-------------+--------------+---------+-----------+------+--------------+---------------------------------+-----------------+--------------+
; |viterbi_decoder           ; 181 (0)             ; 139 (0)                   ; 0           ; 0            ; 0       ; 0         ; 28   ; 0            ; |viterbi_decoder                ; viterbi_decoder ; work         ;
;    |add_comp:add1|         ; 80 (80)             ; 25 (25)                   ; 0           ; 0            ; 0       ; 0         ; 0    ; 0            ; |viterbi_decoder|add_comp:add1  ; add_comp        ; work         ;
;    |ctrl:c1|               ; 11 (11)             ; 9 (9)                     ; 0           ; 0            ; 0       ; 0         ; 0    ; 0            ; |viterbi_decoder|ctrl:c1        ; ctrl            ; work         ;
;    |ham_d:br1|             ; 19 (19)             ; 27 (27)                   ; 0           ; 0            ; 0       ; 0         ; 0    ; 0            ; |viterbi_decoder|ham_d:br1      ; ham_d           ; work         ;
;    |mem:mem1|              ; 44 (44)             ; 52 (52)                   ; 0           ; 0            ; 0       ; 0         ; 0    ; 0            ; |viterbi_decoder|mem:mem1       ; mem             ; work         ;
;    |tbck_dec:tbck1|        ; 27 (27)             ; 26 (26)                   ; 0           ; 0            ; 0       ; 0         ; 0    ; 0            ; |viterbi_decoder|tbck_dec:tbck1 ; tbck_dec        ; work         ;
+----------------------------+---------------------+---------------------------+-------------+--------------+---------+-----------+------+--------------+---------------------------------+-----------------+--------------+
Note: For table entries with two numbers listed, the numbers in parentheses indicate the number of resources of the given type used by the specific entity alone. The numbers listed outside of parentheses indicate the total resources of the given type used by the specific entity and all of its sub-entities in the hierarchy.


Encoding Type:  One-Hot
+------------------------------------------------------------------------------------+
; State Machine - |viterbi_decoder|tbck_dec:tbck1|select_node                        ;
+----------------+----------------+----------------+----------------+----------------+
; Name           ; select_node.s3 ; select_node.s2 ; select_node.s1 ; select_node.s0 ;
+----------------+----------------+----------------+----------------+----------------+
; select_node.s0 ; 0              ; 0              ; 0              ; 0              ;
; select_node.s1 ; 0              ; 0              ; 1              ; 1              ;
; select_node.s2 ; 0              ; 1              ; 0              ; 1              ;
; select_node.s3 ; 1              ; 0              ; 0              ; 1              ;
+----------------+----------------+----------------+----------------+----------------+


Encoding Type:  One-Hot
+-----------------------------------------------------------------+
; State Machine - |viterbi_decoder|ctrl:c1|state                  ;
+----------+----------+----------+----------+----------+----------+
; Name     ; state.s3 ; state.s2 ; state.s1 ; state.s0 ; state.s4 ;
+----------+----------+----------+----------+----------+----------+
; state.s0 ; 0        ; 0        ; 0        ; 0        ; 0        ;
; state.s1 ; 0        ; 0        ; 1        ; 1        ; 0        ;
; state.s2 ; 0        ; 1        ; 0        ; 1        ; 0        ;
; state.s3 ; 1        ; 0        ; 0        ; 1        ; 0        ;
; state.s4 ; 0        ; 0        ; 0        ; 1        ; 1        ;
+----------+----------+----------+----------+----------+----------+


+--------------------------------------------------------------------------------------+
; Registers Removed During Synthesis                                                   ;
+----------------------------------------+---------------------------------------------+
; Register name                          ; Reason for Removal                          ;
+----------------------------------------+---------------------------------------------+
; add_comp:add1|prv_st_00[1]             ; Stuck at GND due to stuck port data_in      ;
; add_comp:add1|prv_st_10[1]             ; Stuck at GND due to stuck port data_in      ;
; mem:mem1|trellis_diagr[0][0][1]        ; Stuck at GND due to stuck port data_in      ;
; mem:mem1|trellis_diagr[0][1][1]        ; Stuck at GND due to stuck port data_in      ;
; mem:mem1|trellis_diagr[0][2][1]        ; Stuck at GND due to stuck port data_in      ;
; mem:mem1|trellis_diagr[0][3][1]        ; Stuck at GND due to stuck port data_in      ;
; mem:mem1|trellis_diagr[0][4][1]        ; Stuck at GND due to stuck port data_in      ;
; mem:mem1|trellis_diagr[0][5][1]        ; Stuck at GND due to stuck port data_in      ;
; mem:mem1|trellis_diagr[0][6][1]        ; Stuck at GND due to stuck port data_in      ;
; mem:mem1|trellis_diagr[0][7][1]        ; Stuck at GND due to stuck port data_in      ;
; mem:mem1|trellis_diagr[2][0][1]        ; Stuck at GND due to stuck port data_in      ;
; mem:mem1|trellis_diagr[2][1][1]        ; Stuck at GND due to stuck port data_in      ;
; mem:mem1|trellis_diagr[2][2][1]        ; Stuck at GND due to stuck port data_in      ;
; mem:mem1|trellis_diagr[2][3][1]        ; Stuck at GND due to stuck port data_in      ;
; mem:mem1|trellis_diagr[2][4][1]        ; Stuck at GND due to stuck port data_in      ;
; mem:mem1|trellis_diagr[2][5][1]        ; Stuck at GND due to stuck port data_in      ;
; mem:mem1|trellis_diagr[2][6][1]        ; Stuck at GND due to stuck port data_in      ;
; mem:mem1|trellis_diagr[2][7][1]        ; Stuck at GND due to stuck port data_in      ;
; add_comp:add1|prv_st_11[1]             ; Merged with add_comp:add1|prv_st_01[1]      ;
; ham_d:br1|hamd_3[0]                    ; Merged with ham_d:br1|hamd_8[0]             ;
; ham_d:br1|hamd_4[0]                    ; Merged with ham_d:br1|hamd_8[0]             ;
; ham_d:br1|hamd_7[0]                    ; Merged with ham_d:br1|hamd_8[0]             ;
; ham_d:br1|hamd_6[1]                    ; Merged with ham_d:br1|hamd_1[1]             ;
; ham_d:br1|hamd_2[0]                    ; Merged with ham_d:br1|hamd_1[0]             ;
; ham_d:br1|hamd_5[0]                    ; Merged with ham_d:br1|hamd_1[0]             ;
; ham_d:br1|hamd_6[0]                    ; Merged with ham_d:br1|hamd_1[0]             ;
; ham_d:br1|hamd_5[1]                    ; Merged with ham_d:br1|hamd_2[1]             ;
; ham_d:br1|hamd_8[1]                    ; Merged with ham_d:br1|hamd_3[1]             ;
; ham_d:br1|hamd_7[1]                    ; Merged with ham_d:br1|hamd_4[1]             ;
; mem:mem1|bck_prv_st_10[1]              ; Merged with mem:mem1|bck_prv_st_00[1]       ;
; mem:mem1|bck_prv_st_11[1]              ; Merged with mem:mem1|bck_prv_st_01[1]       ;
; mem:mem1|trellis_diagr[3][0][1]        ; Merged with mem:mem1|trellis_diagr[1][0][1] ;
; mem:mem1|trellis_diagr[3][1][1]        ; Merged with mem:mem1|trellis_diagr[1][1][1] ;
; mem:mem1|trellis_diagr[3][2][1]        ; Merged with mem:mem1|trellis_diagr[1][2][1] ;
; mem:mem1|trellis_diagr[3][3][1]        ; Merged with mem:mem1|trellis_diagr[1][3][1] ;
; mem:mem1|trellis_diagr[3][4][1]        ; Merged with mem:mem1|trellis_diagr[1][4][1] ;
; mem:mem1|trellis_diagr[3][5][1]        ; Merged with mem:mem1|trellis_diagr[1][5][1] ;
; mem:mem1|trellis_diagr[3][6][1]        ; Merged with mem:mem1|trellis_diagr[1][6][1] ;
; mem:mem1|trellis_diagr[3][7][1]        ; Merged with mem:mem1|trellis_diagr[1][7][1] ;
; mem:mem1|bck_prv_st_00[1]              ; Stuck at GND due to stuck port data_in      ;
; tbck_dec:tbck1|select_node~5           ; Lost fanout                                 ;
; tbck_dec:tbck1|select_node~6           ; Lost fanout                                 ;
; ctrl:c1|state~8                        ; Lost fanout                                 ;
; ctrl:c1|state~9                        ; Lost fanout                                 ;
; Total Number of Removed Registers = 44 ;                                             ;
+----------------------------------------+---------------------------------------------+


+----------------------------------------------------------------------------------------------------------------------------+
; Removed Registers Triggering Further Register Optimizations                                                                ;
+----------------------------+---------------------------+-------------------------------------------------------------------+
; Register name              ; Reason for Removal        ; Registers Removed due to This Register                            ;
+----------------------------+---------------------------+-------------------------------------------------------------------+
; add_comp:add1|prv_st_00[1] ; Stuck at GND              ; mem:mem1|trellis_diagr[0][0][1], mem:mem1|trellis_diagr[0][1][1], ;
;                            ; due to stuck port data_in ; mem:mem1|trellis_diagr[0][2][1], mem:mem1|trellis_diagr[0][3][1], ;
;                            ;                           ; mem:mem1|trellis_diagr[0][4][1], mem:mem1|trellis_diagr[0][5][1], ;
;                            ;                           ; mem:mem1|trellis_diagr[0][6][1], mem:mem1|trellis_diagr[0][7][1], ;
;                            ;                           ; mem:mem1|bck_prv_st_00[1]                                         ;
; add_comp:add1|prv_st_10[1] ; Stuck at GND              ; mem:mem1|trellis_diagr[2][0][1], mem:mem1|trellis_diagr[2][1][1], ;
;                            ; due to stuck port data_in ; mem:mem1|trellis_diagr[2][2][1], mem:mem1|trellis_diagr[2][3][1], ;
;                            ;                           ; mem:mem1|trellis_diagr[2][4][1], mem:mem1|trellis_diagr[2][5][1], ;
;                            ;                           ; mem:mem1|trellis_diagr[2][6][1], mem:mem1|trellis_diagr[2][7][1]  ;
+----------------------------+---------------------------+-------------------------------------------------------------------+


+------------------------------------------------------+
; General Register Statistics                          ;
+----------------------------------------------+-------+
; Statistic                                    ; Value ;
+----------------------------------------------+-------+
; Total registers                              ; 139   ;
; Number of registers using Synchronous Clear  ; 0     ;
; Number of registers using Synchronous Load   ; 0     ;
; Number of registers using Asynchronous Clear ; 134   ;
; Number of registers using Asynchronous Load  ; 0     ;
; Number of registers using Clock Enable       ; 91    ;
; Number of registers using Preset             ; 0     ;
+----------------------------------------------+-------+


+--------------------------------------------------+
; Inverted Register Statistics                     ;
+----------------------------------------+---------+
; Inverted Register                      ; Fan out ;
+----------------------------------------+---------+
; mem:mem1|trace[1]                      ; 18      ;
; mem:mem1|trace[0]                      ; 18      ;
; mem:mem1|trace[2]                      ; 8       ;
; ham_d:br1|count[1]                     ; 8       ;
; ham_d:br1|count[2]                     ; 9       ;
; ham_d:br1|count[3]                     ; 3       ;
; Total number of inverted registers = 6 ;         ;
+----------------------------------------+---------+


+----------------------------------------------------------------------------------------------------------------------------------------------------------+
; Multiplexer Restructuring Statistics (Restructuring Performed)                                                                                           ;
+--------------------+-----------+---------------+----------------------+------------------------+------------+--------------------------------------------+
; Multiplexer Inputs ; Bus Width ; Baseline Area ; Area if Restructured ; Saving if Restructured ; Registered ; Example Multiplexer Output                 ;
+--------------------+-----------+---------------+----------------------+------------------------+------------+--------------------------------------------+
; 8:1                ; 5 bits    ; 25 LEs        ; 25 LEs               ; 0 LEs                  ; Yes        ; |viterbi_decoder|mem:mem1|bck_prv_st_11[0] ;
; 9:1                ; 2 bits    ; 12 LEs        ; 12 LEs               ; 0 LEs                  ; Yes        ; |viterbi_decoder|ham_d:br1|data_rx[1]      ;
; 4:1                ; 2 bits    ; 4 LEs         ; 4 LEs                ; 0 LEs                  ; No         ; |viterbi_decoder|ctrl:c1|state             ;
+--------------------+-----------+---------------+----------------------+------------------------+------------+--------------------------------------------+


+-----------------------------------------------------+
; Post-Synthesis Netlist Statistics for Top Partition ;
+-----------------------+-----------------------------+
; Type                  ; Count                       ;
+-----------------------+-----------------------------+
; boundary_port         ; 28                          ;
; cycloneiii_ff         ; 139                         ;
;     CLR               ; 48                          ;
;     ENA               ; 5                           ;
;     ENA CLR           ; 86                          ;
; cycloneiii_lcell_comb ; 181                         ;
;     arith             ; 32                          ;
;         2 data inputs ; 16                          ;
;         3 data inputs ; 16                          ;
;     normal            ; 149                         ;
;         1 data inputs ; 11                          ;
;         2 data inputs ; 12                          ;
;         3 data inputs ; 15                          ;
;         4 data inputs ; 111                         ;
;                       ;                             ;
; Max LUT depth         ; 4.40                        ;
; Average LUT depth     ; 2.75                        ;
+-----------------------+-----------------------------+


+-------------------------------+
; Elapsed Time Per Partition    ;
+----------------+--------------+
; Partition Name ; Elapsed Time ;
+----------------+--------------+
; Top            ; 00:00:01     ;
+----------------+--------------+


+-------------------------------+
; Analysis & Synthesis Messages ;
+-------------------------------+
Info: *******************************************************************
Info: Running Quartus Prime Analysis & Synthesis
    Info: Version 24.1std.0 Build 1077 03/04/2025 SC Lite Edition
    Info: Processing started: Wed Nov 26 18:58:37 2025
Info: Command: quartus_map --read_settings_files=on --write_settings_files=off viterbi_decoder -c viterbi_decoder
Warning (18236): Number of processors has not been specified which may cause overloading on shared machines.  Set the global assignment NUM_PARALLEL_PROCESSORS in your QSF to an appropriate value for best performance.
Info (20030): Parallel compilation is enabled and will use 12 of the 12 processors detected
Info (12021): Found 1 design units, including 1 entities, in source file viterbi_decoder.v
    Info (12023): Found entity 1: viterbi_decoder File: D:/backup_later/ET4340/prj/main_prj/main_prj/src/viterbi_decoder.v Line: 1
Info (12021): Found 1 design units, including 1 entities, in source file tbck_dec.v
    Info (12023): Found entity 1: tbck_dec File: D:/backup_later/ET4340/prj/main_prj/main_prj/src/tbck_dec.v Line: 1
Info (12021): Found 1 design units, including 1 entities, in source file mem.v
    Info (12023): Found entity 1: mem File: D:/backup_later/ET4340/prj/main_prj/main_prj/src/mem.v Line: 1
Info (12021): Found 1 design units, including 1 entities, in source file ham_d.v
    Info (12023): Found entity 1: ham_d File: D:/backup_later/ET4340/prj/main_prj/main_prj/src/ham_d.v Line: 1
Info (12021): Found 1 design units, including 1 entities, in source file ctrl.v
    Info (12023): Found entity 1: ctrl File: D:/backup_later/ET4340/prj/main_prj/main_prj/src/ctrl.v Line: 1
Info (12021): Found 1 design units, including 1 entities, in source file add_comp.v
    Info (12023): Found entity 1: add_comp File: D:/backup_later/ET4340/prj/main_prj/main_prj/src/add_comp.v Line: 1
Info (12127): Elaborating entity "viterbi_decoder" for the top level hierarchy
Info (12128): Elaborating entity "ctrl" for hierarchy "ctrl:c1" File: D:/backup_later/ET4340/prj/main_prj/main_prj/src/viterbi_decoder.v Line: 20
Warning (10230): Verilog HDL assignment warning at ctrl.v(19): truncated value with size 32 to match size of target (4) File: D:/backup_later/ET4340/prj/main_prj/main_prj/src/ctrl.v Line: 19
Info (12128): Elaborating entity "ham_d" for hierarchy "ham_d:br1" File: D:/backup_later/ET4340/prj/main_prj/main_prj/src/viterbi_decoder.v Line: 33
Warning (10230): Verilog HDL assignment warning at ham_d.v(31): truncated value with size 32 to match size of target (4) File: D:/backup_later/ET4340/prj/main_prj/main_prj/src/ham_d.v Line: 31
Warning (10240): Verilog HDL Always Construct warning at ham_d.v(13): inferring latch(es) for variable "count", which holds its previous value in one or more paths through the always construct File: D:/backup_later/ET4340/prj/main_prj/main_prj/src/ham_d.v Line: 13
Info (10041): Inferred latch for "count[0]" at ham_d.v(13) File: D:/backup_later/ET4340/prj/main_prj/main_prj/src/ham_d.v Line: 13
Info (12128): Elaborating entity "add_comp" for hierarchy "add_comp:add1" File: D:/backup_later/ET4340/prj/main_prj/main_prj/src/viterbi_decoder.v Line: 50
Warning (10230): Verilog HDL assignment warning at add_comp.v(69): truncated value with size 32 to match size of target (4) File: D:/backup_later/ET4340/prj/main_prj/main_prj/src/add_comp.v Line: 69
Info (12128): Elaborating entity "mem" for hierarchy "mem:mem1" File: D:/backup_later/ET4340/prj/main_prj/main_prj/src/viterbi_decoder.v Line: 62
Warning (10230): Verilog HDL assignment warning at mem.v(32): truncated value with size 32 to match size of target (4) File: D:/backup_later/ET4340/prj/main_prj/main_prj/src/mem.v Line: 32
Warning (10230): Verilog HDL assignment warning at mem.v(41): truncated value with size 32 to match size of target (3) File: D:/backup_later/ET4340/prj/main_prj/main_prj/src/mem.v Line: 41
Warning (10240): Verilog HDL Always Construct warning at mem.v(16): inferring latch(es) for variable "i", which holds its previous value in one or more paths through the always construct File: D:/backup_later/ET4340/prj/main_prj/main_prj/src/mem.v Line: 16
Warning (10240): Verilog HDL Always Construct warning at mem.v(16): inferring latch(es) for variable "k", which holds its previous value in one or more paths through the always construct File: D:/backup_later/ET4340/prj/main_prj/main_prj/src/mem.v Line: 16
Info (10008): Verilog HDL or VHDL information: EDA Netlist Writer cannot regroup multidimensional array "trellis_diagr" into its bus
Info (12128): Elaborating entity "tbck_dec" for hierarchy "tbck_dec:tbck1" File: D:/backup_later/ET4340/prj/main_prj/main_prj/src/viterbi_decoder.v Line: 73
Warning (10230): Verilog HDL assignment warning at tbck_dec.v(67): truncated value with size 32 to match size of target (4) File: D:/backup_later/ET4340/prj/main_prj/main_prj/src/tbck_dec.v Line: 67
Info (13000): Registers with preset signals will power-up high File: D:/backup_later/ET4340/prj/main_prj/main_prj/src/mem.v Line: 26
Info (13003): DEV_CLRn pin will set, and not reset, register with preset signal due to NOT Gate Push-Back
Info (286030): Timing-Driven Synthesis is running
Info (17049): 4 registers lost all their fanouts during netlist optimizations.
Info (16010): Generating hard_block partition "hard_block:auto_generated_inst"
    Info (16011): Adding 0 node(s), including 0 DDIO, 0 PLL, 0 transceiver and 0 LCELL
Info (21057): Implemented 277 device resources after synthesis - the final resource count might be different
    Info (21058): Implemented 19 input pins
    Info (21059): Implemented 9 output pins
    Info (21061): Implemented 249 logic cells
Info: Quartus Prime Analysis & Synthesis was successful. 0 errors, 10 warnings
    Info: Peak virtual memory: 4845 megabytes
    Info: Processing ended: Wed Nov 26 18:58:48 2025
    Info: Elapsed time: 00:00:11
    Info: Total CPU time (on all processors): 00:00:25


