Clock: clk
Sources: clk 
Generated: no
Virtual: yes
Propagated: no
Period: 100.000000

===========================================================================
report_clock_properties
============================================================================
Clock                   Period          Waveform
----------------------------------------------------
clk                 100.000000    0.000000 50.000000

===========================================================================
report_clock_latency
============================================================================
Clock clk
rise -> rise
    min     max
0.000000 0.000000 source latency
0.830170         network latency _1327_/CLK
        0.852028 network latency _1352_/CLK
---------------
0.830170 0.852028 latency
        0.021858 skew

fall -> fall
    min     max
0.000000 0.000000 source latency
0.735241         network latency _1327_/CLK
        0.751115 network latency _1352_/CLK
---------------
0.735241 0.751115 latency
        0.015874 skew



===========================================================================
report_clock_min_period
============================================================================
clk period_min = 5.98 fmax = 167.24
