Reading OpenROAD database at '/mnt/d/backup_later/ET4340/prj/main_prj/main_prj/src/runs/RUN_2025-12-04_07-52-11/20-openroad-generatepdn/viterbi_decoder.odb'…
Reading library file at '/home/lroot/.volare/volare/sky130/versions/0fe599b2afb6708d281543108caf8310912f54af/sky130A/libs.ref/sky130_fd_sc_hd/lib/sky130_fd_sc_hd__tt_025C_1v80.lib'…
Reading design constraints file at '/nix/store/ss2cw3sxbrwwx9jl0rrppbw4kgcmgi2n-python3-3.11.9-env/lib/python3.11/site-packages/openlane/scripts/base.sdc'…
[INFO] Using clock clk…
[INFO] Setting output delay to: 20
[INFO] Setting input delay to: 20
[INFO] Setting load to: 0.033442
[INFO] Setting clock uncertainty to: 0.25
[INFO] Setting clock transition to: 0.1499999999999999944488848768742172978818416595458984375
[INFO] Setting timing derate to: 5%
+ global_placement -density 0.521729 -skip_io -pad_right 0 -pad_left 0 -init_wirelength_coef 0.25
[INFO GPL-0002] DBU: 1000
[INFO GPL-0003] SiteSize: (  0.460  2.720 ) um
[INFO GPL-0004] CoreBBox: (  5.520 10.880 ) ( 156.400 160.480 ) um
[INFO GPL-0006] NumInstances:              1184
[INFO GPL-0007] NumPlaceInstances:          761
[INFO GPL-0008] NumFixedInstances:          423
[INFO GPL-0009] NumDummyInstances:            0
[INFO GPL-0010] NumNets:                    780
[INFO GPL-0011] NumPins:                   2675
[INFO GPL-0012] DieBBox:  (  0.000  0.000 ) ( 162.100 172.820 ) um
[INFO GPL-0013] CoreBBox: (  5.520 10.880 ) ( 156.400 160.480 ) um
[INFO GPL-0016] CoreArea:             22571.648 um^2
[INFO GPL-0017] NonPlaceInstsArea:      804.522 um^2
[INFO GPL-0018] PlaceInstsArea:        9127.504 um^2
[INFO GPL-0019] Util:                    41.933 %
[INFO GPL-0020] StdInstsArea:          9127.504 um^2
[INFO GPL-0021] MacroInstsArea:           0.000 um^2
[INFO GPL-0031] FillerInit:NumGCells:       952
[INFO GPL-0032] FillerInit:NumGNets:        780
[INFO GPL-0033] FillerInit:NumGPins:       2675
[INFO GPL-0023] TargetDensity:            0.522
[INFO GPL-0024] AvrgPlaceInstArea:       11.994 um^2
[INFO GPL-0025] IdealBinArea:            22.989 um^2
[INFO GPL-0026] IdealBinCnt:                981
[INFO GPL-0027] TotalBinArea:         22571.648 um^2
[INFO GPL-0028] BinCnt:        16     16
[INFO GPL-0029] BinSize: (  9.430  9.350 )
[INFO GPL-0030] NumBins: 256
[NesterovSolve] Iter:    1 overflow: 0.980 HPWL: 2367901
[NesterovSolve] Iter:   10 overflow: 0.976 HPWL: 1560615
[NesterovSolve] Iter:   20 overflow: 0.972 HPWL: 1542151
[NesterovSolve] Iter:   30 overflow: 0.969 HPWL: 1536361
[NesterovSolve] Iter:   40 overflow: 0.968 HPWL: 1532955
[NesterovSolve] Iter:   50 overflow: 0.967 HPWL: 1531268
[NesterovSolve] Iter:   60 overflow: 0.966 HPWL: 1531655
[NesterovSolve] Iter:   70 overflow: 0.965 HPWL: 1534397
[NesterovSolve] Iter:   80 overflow: 0.964 HPWL: 1538896
[NesterovSolve] Iter:   90 overflow: 0.961 HPWL: 1546818
[NesterovSolve] Iter:  100 overflow: 0.960 HPWL: 1561451
[NesterovSolve] Iter:  110 overflow: 0.956 HPWL: 1588140
[NesterovSolve] Iter:  120 overflow: 0.950 HPWL: 1637088
[NesterovSolve] Iter:  130 overflow: 0.936 HPWL: 1736088
[NesterovSolve] Iter:  140 overflow: 0.920 HPWL: 1910186
[NesterovSolve] Iter:  150 overflow: 0.905 HPWL: 2052325
[NesterovSolve] Iter:  160 overflow: 0.894 HPWL: 2182787
[NesterovSolve] Iter:  170 overflow: 0.855 HPWL: 2455253
[NesterovSolve] Iter:  180 overflow: 0.825 HPWL: 3035703
[NesterovSolve] Iter:  190 overflow: 0.765 HPWL: 3688601
[NesterovSolve] Iter:  200 overflow: 0.740 HPWL: 4251489
[NesterovSolve] Iter:  210 overflow: 0.704 HPWL: 4874296
[NesterovSolve] Iter:  220 overflow: 0.657 HPWL: 5447865
[NesterovSolve] Iter:  230 overflow: 0.618 HPWL: 5904794
[NesterovSolve] Iter:  240 overflow: 0.573 HPWL: 6264558
[NesterovSolve] Iter:  250 overflow: 0.525 HPWL: 6822034
[NesterovSolve] Iter:  260 overflow: 0.480 HPWL: 7192704
[NesterovSolve] Iter:  270 overflow: 0.428 HPWL: 7573038
[NesterovSolve] Iter:  280 overflow: 0.380 HPWL: 7974879
[NesterovSolve] Iter:  290 overflow: 0.329 HPWL: 8242974
[NesterovSolve] Iter:  300 overflow: 0.290 HPWL: 8371022
[NesterovSolve] Iter:  310 overflow: 0.254 HPWL: 8514688
[NesterovSolve] Iter:  320 overflow: 0.216 HPWL: 8613361
[NesterovSolve] Iter:  330 overflow: 0.186 HPWL: 8729214
[NesterovSolve] Iter:  340 overflow: 0.157 HPWL: 8861492
[NesterovSolve] Iter:  350 overflow: 0.128 HPWL: 8945931
[NesterovSolve] Iter:  360 overflow: 0.104 HPWL: 9012024
[NesterovSolve] Finished with Overflow: 0.098176
[INFO] Setting RC values…
Setting global connections for newly added cells…
[INFO] Setting global connections...
Updating metrics…
Cell type report:                       Count       Area
  Fill cell                               110     412.90
  Tap cell                                313     391.63
  Inverter                                165     619.34
  Sequential cell                         166    4321.64
  Multi-Input combinational cell          430    4186.52
  Total                                  1184    9932.03
Writing OpenROAD database to '/mnt/d/backup_later/ET4340/prj/main_prj/main_prj/src/runs/RUN_2025-12-04_07-52-11/23-openroad-globalplacementskipio/viterbi_decoder.odb'…
Writing netlist to '/mnt/d/backup_later/ET4340/prj/main_prj/main_prj/src/runs/RUN_2025-12-04_07-52-11/23-openroad-globalplacementskipio/viterbi_decoder.nl.v'…
Writing powered netlist to '/mnt/d/backup_later/ET4340/prj/main_prj/main_prj/src/runs/RUN_2025-12-04_07-52-11/23-openroad-globalplacementskipio/viterbi_decoder.pnl.v'…
Writing layout to '/mnt/d/backup_later/ET4340/prj/main_prj/main_prj/src/runs/RUN_2025-12-04_07-52-11/23-openroad-globalplacementskipio/viterbi_decoder.def'…
Writing timing constraints to '/mnt/d/backup_later/ET4340/prj/main_prj/main_prj/src/runs/RUN_2025-12-04_07-52-11/23-openroad-globalplacementskipio/viterbi_decoder.sdc'…
